[     115ms] [LOG] [Fast Refresh] rebuilding @ http://localhost:3000/_next/static/chunks/0uew_next_dist_0butn37._.js:2431
[     332ms] [LOG] [Fast Refresh] done in 322ms @ http://localhost:3000/_next/static/chunks/0uew_next_dist_0butn37._.js:2431
[    1232ms] [INFO] %cDownload the React DevTools for a better development experience: https://react.dev/link/react-devtools font-weight:bold @ http://localhost:3000/_next/static/chunks/0uew_next_dist_0butn37._.js:2431
[    1246ms] [LOG] [HMR] connected @ http://localhost:3000/_next/static/chunks/0uew_next_dist_0butn37._.js:2431
[   10007ms] [LOG] [Fast Refresh] rebuilding @ http://localhost:3000/_next/static/chunks/0uew_next_dist_0butn37._.js:2431
[   10479ms] [LOG] [Fast Refresh] done in 574ms @ http://localhost:3000/_next/static/chunks/0uew_next_dist_0butn37._.js:2431
[   58822ms] [LOG] [Fast Refresh] rebuilding @ http://localhost:3000/_next/static/chunks/0uew_next_dist_0butn37._.js:2431
[   59096ms] [LOG] [Fast Refresh] done in 328ms @ http://localhost:3000/_next/static/chunks/0uew_next_dist_0butn37._.js:2431
[   59208ms] [LOG] [Fast Refresh] rebuilding @ http://localhost:3000/_next/static/chunks/0uew_next_dist_0butn37._.js:2431
[   59292ms] [LOG] [Fast Refresh] done in 190ms @ http://localhost:3000/_next/static/chunks/0uew_next_dist_0butn37._.js:2431
[   59427ms] [LOG] [Fast Refresh] rebuilding @ http://localhost:3000/_next/static/chunks/0uew_next_dist_0butn37._.js:2431
[   59686ms] [LOG] [Fast Refresh] done in 363ms @ http://localhost:3000/_next/static/chunks/0uew_next_dist_0butn37._.js:2431
[   60297ms] [LOG] [Fast Refresh] rebuilding @ http://localhost:3000/_next/static/chunks/0uew_next_dist_0butn37._.js:2431
[   60447ms] [LOG] [Fast Refresh] done in 262ms @ http://localhost:3000/_next/static/chunks/0uew_next_dist_0butn37._.js:2431
[  348801ms] [LOG] [Fast Refresh] rebuilding @ http://localhost:3000/_next/static/chunks/0uew_next_dist_0butn37._.js:2431
[  349069ms] [LOG] [Fast Refresh] done in 67ms @ http://localhost:3000/_next/static/chunks/0uew_next_dist_0butn37._.js:2431
[  381013ms] [LOG] [Fast Refresh] rebuilding @ http://localhost:3000/_next/static/chunks/0uew_next_dist_0butn37._.js:2431
[  381266ms] [LOG] [Fast Refresh] done in 185ms @ http://localhost:3000/_next/static/chunks/0uew_next_dist_0butn37._.js:2431
[  381497ms] [LOG] [Fast Refresh] rebuilding @ http://localhost:3000/_next/static/chunks/0uew_next_dist_0butn37._.js:2431
[  381682ms] [LOG] [Fast Refresh] done in 286ms @ http://localhost:3000/_next/static/chunks/0uew_next_dist_0butn37._.js:2431
[  382310ms] [LOG] [Fast Refresh] rebuilding @ http://localhost:3000/_next/static/chunks/0uew_next_dist_0butn37._.js:2431
[  382353ms] [LOG] [Fast Refresh] done in 145ms @ http://localhost:3000/_next/static/chunks/0uew_next_dist_0butn37._.js:2431
[  382717ms] [LOG] [Fast Refresh] rebuilding @ http://localhost:3000/_next/static/chunks/0uew_next_dist_0butn37._.js:2431
[  382821ms] [LOG] [Fast Refresh] done in 204ms @ http://localhost:3000/_next/static/chunks/0uew_next_dist_0butn37._.js:2431
[  382926ms] [LOG] [Fast Refresh] rebuilding @ http://localhost:3000/_next/static/chunks/0uew_next_dist_0butn37._.js:2431
[  382980ms] [LOG] [Fast Refresh] done in 159ms @ http://localhost:3000/_next/static/chunks/0uew_next_dist_0butn37._.js:2431
[  383559ms] [LOG] [Fast Refresh] rebuilding @ http://localhost:3000/_next/static/chunks/0uew_next_dist_0butn37._.js:2431
[  383711ms] [LOG] [Fast Refresh] done in 256ms @ http://localhost:3000/_next/static/chunks/0uew_next_dist_0butn37._.js:2431
[  384305ms] [LOG] [Fast Refresh] rebuilding @ http://localhost:3000/_next/static/chunks/0uew_next_dist_0butn37._.js:2431
[  384315ms] [LOG] [Fast Refresh] done in 112ms @ http://localhost:3000/_next/static/chunks/0uew_next_dist_0butn37._.js:2431
[  384881ms] [LOG] [Fast Refresh] rebuilding @ http://localhost:3000/_next/static/chunks/0uew_next_dist_0butn37._.js:2431
[  384957ms] [LOG] [Fast Refresh] done in 179ms @ http://localhost:3000/_next/static/chunks/0uew_next_dist_0butn37._.js:2431
[  385059ms] [LOG] [Fast Refresh] rebuilding @ http://localhost:3000/_next/static/chunks/0uew_next_dist_0butn37._.js:2431
[  385060ms] [LOG] [Fast Refresh] done in 103ms @ http://localhost:3000/_next/static/chunks/0uew_next_dist_0butn37._.js:2431
[  385162ms] [LOG] [Fast Refresh] rebuilding @ http://localhost:3000/_next/static/chunks/0uew_next_dist_0butn37._.js:2431
[  385168ms] [LOG] [Fast Refresh] done in 107ms @ http://localhost:3000/_next/static/chunks/0uew_next_dist_0butn37._.js:2431
[  385585ms] [LOG] [Fast Refresh] rebuilding @ http://localhost:3000/_next/static/chunks/0uew_next_dist_0butn37._.js:2431
[  385665ms] [LOG] [Fast Refresh] done in 180ms @ http://localhost:3000/_next/static/chunks/0uew_next_dist_0butn37._.js:2431
[  386145ms] [LOG] [Fast Refresh] rebuilding @ http://localhost:3000/_next/static/chunks/0uew_next_dist_0butn37._.js:2431
[  386194ms] [LOG] [Fast Refresh] done in 157ms @ http://localhost:3000/_next/static/chunks/0uew_next_dist_0butn37._.js:2431
[  386812ms] [LOG] [Fast Refresh] rebuilding @ http://localhost:3000/_next/static/chunks/0uew_next_dist_0butn37._.js:2431
[  386934ms] [LOG] [Fast Refresh] done in 235ms @ http://localhost:3000/_next/static/chunks/0uew_next_dist_0butn37._.js:2431
[  387040ms] [LOG] [Fast Refresh] rebuilding @ http://localhost:3000/_next/static/chunks/0uew_next_dist_0butn37._.js:2431
[  387094ms] [LOG] [Fast Refresh] done in 160ms @ http://localhost:3000/_next/static/chunks/0uew_next_dist_0butn37._.js:2431
[  387401ms] [LOG] [Fast Refresh] rebuilding @ http://localhost:3000/_next/static/chunks/0uew_next_dist_0butn37._.js:2431
[  387401ms] [LOG] [Fast Refresh] done in 103ms @ http://localhost:3000/_next/static/chunks/0uew_next_dist_0butn37._.js:2431
[  388006ms] [LOG] [Fast Refresh] rebuilding @ http://localhost:3000/_next/static/chunks/0uew_next_dist_0butn37._.js:2431
[  388012ms] [LOG] [Fast Refresh] done in 113ms @ http://localhost:3000/_next/static/chunks/0uew_next_dist_0butn37._.js:2431
[  388113ms] [LOG] [Fast Refresh] rebuilding @ http://localhost:3000/_next/static/chunks/0uew_next_dist_0butn37._.js:2431
[  388147ms] [LOG] [Fast Refresh] done in 134ms @ http://localhost:3000/_next/static/chunks/0uew_next_dist_0butn37._.js:2431
[  388599ms] [LOG] [Fast Refresh] rebuilding @ http://localhost:3000/_next/static/chunks/0uew_next_dist_0butn37._.js:2431
[  388606ms] [LOG] [Fast Refresh] done in 108ms @ http://localhost:3000/_next/static/chunks/0uew_next_dist_0butn37._.js:2431
[  389372ms] [LOG] [Fast Refresh] rebuilding @ http://localhost:3000/_next/static/chunks/0uew_next_dist_0butn37._.js:2431
[  389419ms] [LOG] [Fast Refresh] done in 156ms @ http://localhost:3000/_next/static/chunks/0uew_next_dist_0butn37._.js:2431
[  390659ms] [LOG] [Fast Refresh] rebuilding @ http://localhost:3000/_next/static/chunks/0uew_next_dist_0butn37._.js:2431
[  390666ms] [LOG] [Fast Refresh] done in 108ms @ http://localhost:3000/_next/static/chunks/0uew_next_dist_0butn37._.js:2431
[  390905ms] [LOG] [Fast Refresh] rebuilding @ http://localhost:3000/_next/static/chunks/0uew_next_dist_0butn37._.js:2431
[  390964ms] [LOG] [Fast Refresh] done in 167ms @ http://localhost:3000/_next/static/chunks/0uew_next_dist_0butn37._.js:2431
[  391465ms] [LOG] [Fast Refresh] rebuilding @ http://localhost:3000/_next/static/chunks/0uew_next_dist_0butn37._.js:2431
[  391488ms] [LOG] [Fast Refresh] done in 124ms @ http://localhost:3000/_next/static/chunks/0uew_next_dist_0butn37._.js:2431
[  431899ms] [LOG] [Fast Refresh] rebuilding @ http://localhost:3000/_next/static/chunks/0uew_next_dist_0butn37._.js:2431
[  432184ms] [LOG] [Fast Refresh] done in 400ms @ http://localhost:3000/_next/static/chunks/0uew_next_dist_0butn37._.js:2431
[ 2529016ms] [LOG] [Fast Refresh] rebuilding @ http://localhost:3000/_next/static/chunks/0uew_next_dist_0butn37._.js:2431
[ 2529245ms] [LOG] [Fast Refresh] done in 71ms @ http://localhost:3000/_next/static/chunks/0uew_next_dist_0butn37._.js:2431
[ 2529353ms] [LOG] [Fast Refresh] rebuilding @ http://localhost:3000/_next/static/chunks/0uew_next_dist_0butn37._.js:2431
[ 2529450ms] [LOG] [Fast Refresh] done in 203ms @ http://localhost:3000/_next/static/chunks/0uew_next_dist_0butn37._.js:2431
[ 2690767ms] [LOG] [Fast Refresh] rebuilding @ http://localhost:3000/_next/static/chunks/0uew_next_dist_0butn37._.js:2431
[ 2690829ms] [LOG] [Fast Refresh] done in 84ms @ http://localhost:3000/_next/static/chunks/0uew_next_dist_0butn37._.js:2431
[ 2690853ms] [LOG] [Fast Refresh] rebuilding @ http://localhost:3000/_next/static/chunks/0uew_next_dist_0butn37._.js:2431
[ 2691050ms] [LOG] [Fast Refresh] done in 199ms @ http://localhost:3000/_next/static/chunks/0uew_next_dist_0butn37._.js:2431
[ 2691152ms] [LOG] [Fast Refresh] rebuilding @ http://localhost:3000/_next/static/chunks/0uew_next_dist_0butn37._.js:2431
[ 2691228ms] [LOG] [Fast Refresh] done in 176ms @ http://localhost:3000/_next/static/chunks/0uew_next_dist_0butn37._.js:2431
[ 2691368ms] [LOG] [Fast Refresh] rebuilding @ http://localhost:3000/_next/static/chunks/0uew_next_dist_0butn37._.js:2431
[ 2691592ms] [LOG] [Fast Refresh] done in 328ms @ http://localhost:3000/_next/static/chunks/0uew_next_dist_0butn37._.js:2431
[ 2691925ms] [LOG] [Fast Refresh] rebuilding @ http://localhost:3000/_next/static/chunks/0uew_next_dist_0butn37._.js:2431
[ 2691942ms] [LOG] [Fast Refresh] done in 121ms @ http://localhost:3000/_next/static/chunks/0uew_next_dist_0butn37._.js:2431
[ 7259754ms] [LOG] [HMR] connected @ http://localhost:3000/_next/static/chunks/0uew_next_dist_0butn37._.js:2431
[ 7259864ms] [LOG] [Fast Refresh] rebuilding @ http://localhost:3000/_next/static/chunks/0uew_next_dist_0butn37._.js:2431
[ 7341337ms] [LOG] [Fast Refresh] done in 81579ms @ http://localhost:3000/_next/static/chunks/0uew_next_dist_0butn37._.js:2431
