[     835ms] [INFO] %cDownload the React DevTools for a better development experience: https://react.dev/link/react-devtools font-weight:bold @ http://localhost:3000/_next/static/chunks/0uew_next_dist_0butn37._.js:2431
[     850ms] [LOG] [HMR] connected @ http://localhost:3000/_next/static/chunks/0uew_next_dist_0butn37._.js:2431
[   15402ms] [LOG] [Fast Refresh] rebuilding @ http://localhost:3000/_next/static/chunks/0uew_next_dist_0butn37._.js:2431
[   15535ms] [ERROR] Failed to load resource: the server responded with a status of 500 (Internal Server Error) @ http://localhost:3000/dashboard/capacity:0
[   15536ms] [LOG] [Fast Refresh] done in 239ms @ http://localhost:3000/_next/static/chunks/0uew_next_dist_0butn37._.js:2431
[   15552ms] Error: A "use server" file can only export async functions, found object.
Read more: https://nextjs.org/docs/messages/invalid-use-server-value
    at module evaluation (about://React/Server/D:%5CPainless-CRM%5Cpainless-crm%5C.next%5Cdev%5Cserver%5Cchunks%5Cssr%5C_0-u_w.d._.js?145:472:449)
    at module evaluation (about://React/Server/D:%5CPainless-CRM%5Cpainless-crm%5C.next%5Cdev%5Cserver%5Cchunks%5Cssr%5C_0-u_w.d._.js?146:487:159)
    at module evaluation (about://React/Server/D:%5CPainless-CRM%5Cpainless-crm%5C.next%5Cdev%5Cserver%5Cchunks%5Cssr%5C_0-u_w.d._.js?147:509:651)
    at resolveErrorDev (http://localhost:3000/_next/static/chunks/0uew_next_dist_compiled_react-server-dom-turbopack_0q_-9lz._.js:1919:105)
    at processFullStringRow (http://localhost:3000/_next/static/chunks/0uew_next_dist_compiled_react-server-dom-turbopack_0q_-9lz._.js:2434:29)
    at processFullBinaryRow (http://localhost:3000/_next/static/chunks/0uew_next_dist_compiled_react-server-dom-turbopack_0q_-9lz._.js:2393:9)
    at processBinaryChunk (http://localhost:3000/_next/static/chunks/0uew_next_dist_compiled_react-server-dom-turbopack_0q_-9lz._.js:2502:221)
    at progress (http://localhost:3000/_next/static/chunks/0uew_next_dist_compiled_react-server-dom-turbopack_0q_-9lz._.js:2689:13)
[  336023ms] [LOG] [Fast Refresh] rebuilding @ http://localhost:3000/_next/static/chunks/0uew_next_dist_0butn37._.js:2431
[  336105ms] [ERROR] ./src/components/domain/capacity/clear-override-button.tsx:3:1
Export INITIAL_CAPACITY_OVERRIDE_STATE doesn't exist in target module
   1 | 'use client';
   2 |
>  3 | import {
     | ^^^^^^^
>  4 |   type CapacityOverrideState,
     | ^^^^^^^^^^^^^^^^^^^^^^^^^^^^^
>  5 |   INITIAL_CAPACITY_OVERRIDE_STATE,
     | ^^^^^^^^^^^^^^^^^^^^^^^^^^^^^^^^^^
>  6 |   clearCapacityOverride,
     | ^^^^^^^^^^^^^^^^^^^^^^^^
>  7 | } from '@/lib/actions/capacity';
     | ^^^^^^^^^^^^^^^^^^^^^^^^^^^^^^^
   8 | import { useTranslations } from 'next-intl';
   9 | import { useActionState } from 'react';
  10 |

The export INITIAL_CAPACITY_OVERRIDE_STATE was not found in module [project]/src/lib/actions/capacity.ts [app-client] (ecmascript).
Did you mean to import setCapacityOverride?
All exports of the module are statically known (It doesn't have dynamic exports). So it's known statically that the requested export doesn't exist.

Import trace:
  Server Component:
    ./src/components/domain/capacity/clear-override-button.tsx
    ./src/app/dashboard/capacity/page.tsx @ http://localhost:3000/_next/static/chunks/0uew_next_dist_0butn37._.js:3272
[  336105ms] [ERROR] ./src/components/domain/capacity/clear-override-button.tsx:3:1
Export INITIAL_CAPACITY_OVERRIDE_STATE doesn't exist in target module
   1 | 'use client';
   2 |
>  3 | import {
     | ^^^^^^^
>  4 |   type CapacityOverrideState,
     | ^^^^^^^^^^^^^^^^^^^^^^^^^^^^^
>  5 |   INITIAL_CAPACITY_OVERRIDE_STATE,
     | ^^^^^^^^^^^^^^^^^^^^^^^^^^^^^^^^^^
>  6 |   clearCapacityOverride,
     | ^^^^^^^^^^^^^^^^^^^^^^^^
>  7 | } from '@/lib/actions/capacity';
     | ^^^^^^^^^^^^^^^^^^^^^^^^^^^^^^^^
   8 | import { useTranslations } from 'next-intl';
   9 | import { useActionState } from 'react';
  10 |

The export INITIAL_CAPACITY_OVERRIDE_STATE was not found in module [project]/src/lib/actions/capacity.ts [app-ssr] (ecmascript).
Did you mean to import setCapacityOverride?
All exports of the module are statically known (It doesn't have dynamic exports). So it's known statically that the requested export doesn't exist.

Import trace:
  Server Component:
    ./src/components/domain/capacity/clear-override-button.tsx
    ./src/app/dashboard/capacity/page.tsx @ http://localhost:3000/_next/static/chunks/0uew_next_dist_0butn37._.js:3272
[  336106ms] [ERROR] ./src/components/domain/capacity/override-form.tsx:3:1
Export INITIAL_CAPACITY_OVERRIDE_STATE doesn't exist in target module
   1 | 'use client';
   2 |
>  3 | import {
     | ^^^^^^^
>  4 |   type CapacityOverrideState,
     | ^^^^^^^^^^^^^^^^^^^^^^^^^^^^^
>  5 |   INITIAL_CAPACITY_OVERRIDE_STATE,
     | ^^^^^^^^^^^^^^^^^^^^^^^^^^^^^^^^^^
>  6 |   setCapacityOverride,
     | ^^^^^^^^^^^^^^^^^^^^^^
>  7 | } from '@/lib/actions/capacity';
     | ^^^^^^^^^^^^^^^^^^^^^^^^^^^^^^^
   8 | import { CAPACITY_BANDS } from '@/lib/capacity/band';
   9 | import { useTranslations } from 'next-intl';
  10 | import { useActionState, useRef } from 'react';

The export INITIAL_CAPACITY_OVERRIDE_STATE was not found in module [project]/src/lib/actions/capacity.ts [app-client] (ecmascript).
Did you mean to import setCapacityOverride?
All exports of the module are statically known (It doesn't have dynamic exports). So it's known statically that the requested export doesn't exist.

Import trace:
  Server Component:
    ./src/components/domain/capacity/override-form.tsx
    ./src/app/dashboard/capacity/page.tsx @ http://localhost:3000/_next/static/chunks/0uew_next_dist_0butn37._.js:3272
[  336106ms] [ERROR] ./src/components/domain/capacity/override-form.tsx:3:1
Export INITIAL_CAPACITY_OVERRIDE_STATE doesn't exist in target module
   1 | 'use client';
   2 |
>  3 | import {
     | ^^^^^^^
>  4 |   type CapacityOverrideState,
     | ^^^^^^^^^^^^^^^^^^^^^^^^^^^^^
>  5 |   INITIAL_CAPACITY_OVERRIDE_STATE,
     | ^^^^^^^^^^^^^^^^^^^^^^^^^^^^^^^^^^
>  6 |   setCapacityOverride,
     | ^^^^^^^^^^^^^^^^^^^^^^
>  7 | } from '@/lib/actions/capacity';
     | ^^^^^^^^^^^^^^^^^^^^^^^^^^^^^^^^
   8 | import { CAPACITY_BANDS } from '@/lib/capacity/band';
   9 | import { useTranslations } from 'next-intl';
  10 | import { useActionState, useRef } from 'react';

The export INITIAL_CAPACITY_OVERRIDE_STATE was not found in module [project]/src/lib/actions/capacity.ts [app-ssr] (ecmascript).
Did you mean to import setCapacityOverride?
All exports of the module are statically known (It doesn't have dynamic exports). So it's known statically that the requested export doesn't exist.

Import trace:
  Server Component:
    ./src/components/domain/capacity/override-form.tsx
    ./src/app/dashboard/capacity/page.tsx @ http://localhost:3000/_next/static/chunks/0uew_next_dist_0butn37._.js:3272
[  336226ms] [LOG] [Fast Refresh] rebuilding @ http://localhost:3000/_next/static/chunks/0uew_next_dist_0butn37._.js:2431
[  336579ms] [ERROR] ./src/components/domain/capacity/clear-override-button.tsx:3:1
Export INITIAL_CAPACITY_OVERRIDE_STATE doesn't exist in target module
   1 | 'use client';
   2 |
>  3 | import {
     | ^^^^^^^
>  4 |   type CapacityOverrideState,
     | ^^^^^^^^^^^^^^^^^^^^^^^^^^^^^
>  5 |   INITIAL_CAPACITY_OVERRIDE_STATE,
     | ^^^^^^^^^^^^^^^^^^^^^^^^^^^^^^^^^^
>  6 |   clearCapacityOverride,
     | ^^^^^^^^^^^^^^^^^^^^^^^^
>  7 | } from '@/lib/actions/capacity';
     | ^^^^^^^^^^^^^^^^^^^^^^^^^^^^^^^
   8 | import { useTranslations } from 'next-intl';
   9 | import { useActionState } from 'react';
  10 |

The export INITIAL_CAPACITY_OVERRIDE_STATE was not found in module [project]/src/lib/actions/capacity.ts [app-client] (ecmascript).
Did you mean to import setCapacityOverride?
All exports of the module are statically known (It doesn't have dynamic exports). So it's known statically that the requested export doesn't exist.

Import trace:
  Server Component:
    ./src/components/domain/capacity/clear-override-button.tsx
    ./src/app/dashboard/capacity/page.tsx @ http://localhost:3000/_next/static/chunks/0uew_next_dist_0butn37._.js:3272
[  336579ms] [ERROR] ./src/components/domain/capacity/clear-override-button.tsx:3:1
Export INITIAL_CAPACITY_OVERRIDE_STATE doesn't exist in target module
   1 | 'use client';
   2 |
>  3 | import {
     | ^^^^^^^
>  4 |   type CapacityOverrideState,
     | ^^^^^^^^^^^^^^^^^^^^^^^^^^^^^
>  5 |   INITIAL_CAPACITY_OVERRIDE_STATE,
     | ^^^^^^^^^^^^^^^^^^^^^^^^^^^^^^^^^^
>  6 |   clearCapacityOverride,
     | ^^^^^^^^^^^^^^^^^^^^^^^^
>  7 | } from '@/lib/actions/capacity';
     | ^^^^^^^^^^^^^^^^^^^^^^^^^^^^^^^^
   8 | import { useTranslations } from 'next-intl';
   9 | import { useActionState } from 'react';
  10 |

The export INITIAL_CAPACITY_OVERRIDE_STATE was not found in module [project]/src/lib/actions/capacity.ts [app-ssr] (ecmascript).
Did you mean to import setCapacityOverride?
All exports of the module are statically known (It doesn't have dynamic exports). So it's known statically that the requested export doesn't exist.

Import trace:
  Server Component:
    ./src/components/domain/capacity/clear-override-button.tsx
    ./src/app/dashboard/capacity/page.tsx @ http://localhost:3000/_next/static/chunks/0uew_next_dist_0butn37._.js:3272
[  336579ms] [ERROR] ./src/components/domain/capacity/override-form.tsx:3:1
Export INITIAL_CAPACITY_OVERRIDE_STATE doesn't exist in target module
   1 | 'use client';
   2 |
>  3 | import {
     | ^^^^^^^
>  4 |   type CapacityOverrideState,
     | ^^^^^^^^^^^^^^^^^^^^^^^^^^^^^
>  5 |   INITIAL_CAPACITY_OVERRIDE_STATE,
     | ^^^^^^^^^^^^^^^^^^^^^^^^^^^^^^^^^^
>  6 |   setCapacityOverride,
     | ^^^^^^^^^^^^^^^^^^^^^^
>  7 | } from '@/lib/actions/capacity';
     | ^^^^^^^^^^^^^^^^^^^^^^^^^^^^^^^
   8 | import { CAPACITY_BANDS } from '@/lib/capacity/band';
   9 | import { useTranslations } from 'next-intl';
  10 | import { useActionState, useRef } from 'react';

The export INITIAL_CAPACITY_OVERRIDE_STATE was not found in module [project]/src/lib/actions/capacity.ts [app-client] (ecmascript).
Did you mean to import setCapacityOverride?
All exports of the module are statically known (It doesn't have dynamic exports). So it's known statically that the requested export doesn't exist.

Import trace:
  Server Component:
    ./src/components/domain/capacity/override-form.tsx
    ./src/app/dashboard/capacity/page.tsx @ http://localhost:3000/_next/static/chunks/0uew_next_dist_0butn37._.js:3272
[  336579ms] [ERROR] ./src/components/domain/capacity/override-form.tsx:3:1
Export INITIAL_CAPACITY_OVERRIDE_STATE doesn't exist in target module
   1 | 'use client';
   2 |
>  3 | import {
     | ^^^^^^^
>  4 |   type CapacityOverrideState,
     | ^^^^^^^^^^^^^^^^^^^^^^^^^^^^^
>  5 |   INITIAL_CAPACITY_OVERRIDE_STATE,
     | ^^^^^^^^^^^^^^^^^^^^^^^^^^^^^^^^^^
>  6 |   setCapacityOverride,
     | ^^^^^^^^^^^^^^^^^^^^^^
>  7 | } from '@/lib/actions/capacity';
     | ^^^^^^^^^^^^^^^^^^^^^^^^^^^^^^^^
   8 | import { CAPACITY_BANDS } from '@/lib/capacity/band';
   9 | import { useTranslations } from 'next-intl';
  10 | import { useActionState, useRef } from 'react';

The export INITIAL_CAPACITY_OVERRIDE_STATE was not found in module [project]/src/lib/actions/capacity.ts [app-ssr] (ecmascript).
Did you mean to import setCapacityOverride?
All exports of the module are statically known (It doesn't have dynamic exports). So it's known statically that the requested export doesn't exist.

Import trace:
  Server Component:
    ./src/components/domain/capacity/override-form.tsx
    ./src/app/dashboard/capacity/page.tsx @ http://localhost:3000/_next/static/chunks/0uew_next_dist_0butn37._.js:3272
[  336691ms] [LOG] [Fast Refresh] rebuilding @ http://localhost:3000/_next/static/chunks/0uew_next_dist_0butn37._.js:2431
[  337175ms] [ERROR] ./src/components/domain/capacity/clear-override-button.tsx:3:1
Export INITIAL_CAPACITY_OVERRIDE_STATE doesn't exist in target module
   1 | 'use client';
   2 |
>  3 | import {
     | ^^^^^^^
>  4 |   type CapacityOverrideState,
     | ^^^^^^^^^^^^^^^^^^^^^^^^^^^^^
>  5 |   INITIAL_CAPACITY_OVERRIDE_STATE,
     | ^^^^^^^^^^^^^^^^^^^^^^^^^^^^^^^^^^
>  6 |   clearCapacityOverride,
     | ^^^^^^^^^^^^^^^^^^^^^^^^
>  7 | } from '@/lib/actions/capacity';
     | ^^^^^^^^^^^^^^^^^^^^^^^^^^^^^^^
   8 | import { useTranslations } from 'next-intl';
   9 | import { useActionState } from 'react';
  10 |

The export INITIAL_CAPACITY_OVERRIDE_STATE was not found in module [project]/src/lib/actions/capacity.ts [app-client] (ecmascript).
Did you mean to import setCapacityOverride?
All exports of the module are statically known (It doesn't have dynamic exports). So it's known statically that the requested export doesn't exist.

Import trace:
  Server Component:
    ./src/components/domain/capacity/clear-override-button.tsx
    ./src/app/dashboard/capacity/page.tsx @ http://localhost:3000/_next/static/chunks/0uew_next_dist_0butn37._.js:3272
[  337176ms] [ERROR] ./src/components/domain/capacity/clear-override-button.tsx:3:1
Export INITIAL_CAPACITY_OVERRIDE_STATE doesn't exist in target module
   1 | 'use client';
   2 |
>  3 | import {
     | ^^^^^^^
>  4 |   type CapacityOverrideState,
     | ^^^^^^^^^^^^^^^^^^^^^^^^^^^^^
>  5 |   INITIAL_CAPACITY_OVERRIDE_STATE,
     | ^^^^^^^^^^^^^^^^^^^^^^^^^^^^^^^^^^
>  6 |   clearCapacityOverride,
     | ^^^^^^^^^^^^^^^^^^^^^^^^
>  7 | } from '@/lib/actions/capacity';
     | ^^^^^^^^^^^^^^^^^^^^^^^^^^^^^^^^
   8 | import { useTranslations } from 'next-intl';
   9 | import { useActionState } from 'react';
  10 |

The export INITIAL_CAPACITY_OVERRIDE_STATE was not found in module [project]/src/lib/actions/capacity.ts [app-ssr] (ecmascript).
Did you mean to import setCapacityOverride?
All exports of the module are statically known (It doesn't have dynamic exports). So it's known statically that the requested export doesn't exist.

Import trace:
  Server Component:
    ./src/components/domain/capacity/clear-override-button.tsx
    ./src/app/dashboard/capacity/page.tsx @ http://localhost:3000/_next/static/chunks/0uew_next_dist_0butn37._.js:3272
[  337176ms] [ERROR] ./src/components/domain/capacity/override-form.tsx:3:1
Export INITIAL_CAPACITY_OVERRIDE_STATE doesn't exist in target module
   1 | 'use client';
   2 |
>  3 | import {
     | ^^^^^^^
>  4 |   type CapacityOverrideState,
     | ^^^^^^^^^^^^^^^^^^^^^^^^^^^^^
>  5 |   INITIAL_CAPACITY_OVERRIDE_STATE,
     | ^^^^^^^^^^^^^^^^^^^^^^^^^^^^^^^^^^
>  6 |   setCapacityOverride,
     | ^^^^^^^^^^^^^^^^^^^^^^
>  7 | } from '@/lib/actions/capacity';
     | ^^^^^^^^^^^^^^^^^^^^^^^^^^^^^^^
   8 | import { CAPACITY_BANDS } from '@/lib/capacity/band';
   9 | import { useTranslations } from 'next-intl';
  10 | import { useActionState, useRef } from 'react';

The export INITIAL_CAPACITY_OVERRIDE_STATE was not found in module [project]/src/lib/actions/capacity.ts [app-client] (ecmascript).
Did you mean to import setCapacityOverride?
All exports of the module are statically known (It doesn't have dynamic exports). So it's known statically that the requested export doesn't exist.

Import trace:
  Server Component:
    ./src/components/domain/capacity/override-form.tsx
    ./src/app/dashboard/capacity/page.tsx @ http://localhost:3000/_next/static/chunks/0uew_next_dist_0butn37._.js:3272
[  337176ms] [ERROR] ./src/components/domain/capacity/override-form.tsx:3:1
Export INITIAL_CAPACITY_OVERRIDE_STATE doesn't exist in target module
   1 | 'use client';
   2 |
>  3 | import {
     | ^^^^^^^
>  4 |   type CapacityOverrideState,
     | ^^^^^^^^^^^^^^^^^^^^^^^^^^^^^
>  5 |   INITIAL_CAPACITY_OVERRIDE_STATE,
     | ^^^^^^^^^^^^^^^^^^^^^^^^^^^^^^^^^^
>  6 |   setCapacityOverride,
     | ^^^^^^^^^^^^^^^^^^^^^^
>  7 | } from '@/lib/actions/capacity';
     | ^^^^^^^^^^^^^^^^^^^^^^^^^^^^^^^^
   8 | import { CAPACITY_BANDS } from '@/lib/capacity/band';
   9 | import { useTranslations } from 'next-intl';
  10 | import { useActionState, useRef } from 'react';

The export INITIAL_CAPACITY_OVERRIDE_STATE was not found in module [project]/src/lib/actions/capacity.ts [app-ssr] (ecmascript).
Did you mean to import setCapacityOverride?
All exports of the module are statically known (It doesn't have dynamic exports). So it's known statically that the requested export doesn't exist.

Import trace:
  Server Component:
    ./src/components/domain/capacity/override-form.tsx
    ./src/app/dashboard/capacity/page.tsx @ http://localhost:3000/_next/static/chunks/0uew_next_dist_0butn37._.js:3272
[  337178ms] [ERROR] ./src/components/domain/capacity/clear-override-button.tsx:3:1
Export INITIAL_CAPACITY_OVERRIDE_STATE doesn't exist in target module
   1 | 'use client';
   2 |
>  3 | import {
     | ^^^^^^^
>  4 |   type CapacityOverrideState,
     | ^^^^^^^^^^^^^^^^^^^^^^^^^^^^^
>  5 |   INITIAL_CAPACITY_OVERRIDE_STATE,
     | ^^^^^^^^^^^^^^^^^^^^^^^^^^^^^^^^^^
>  6 |   clearCapacityOverride,
     | ^^^^^^^^^^^^^^^^^^^^^^^^
>  7 | } from '@/lib/actions/capacity';
     | ^^^^^^^^^^^^^^^^^^^^^^^^^^^^^^^
   8 | import { useTranslations } from 'next-intl';
   9 | import { useActionState } from 'react';
  10 |

The export INITIAL_CAPACITY_OVERRIDE_STATE was not found in module [project]/src/lib/actions/capacity.ts [app-client] (ecmascript).
Did you mean to import setCapacityOverride?
All exports of the module are statically known (It doesn't have dynamic exports). So it's known statically that the requested export doesn't exist.

Import trace:
  Server Component:
    ./src/components/domain/capacity/clear-override-button.tsx
    ./src/app/dashboard/capacity/page.tsx @ http://localhost:3000/_next/static/chunks/0uew_next_dist_0butn37._.js:3272
[  337179ms] [ERROR] ./src/components/domain/capacity/clear-override-button.tsx:3:1
Export INITIAL_CAPACITY_OVERRIDE_STATE doesn't exist in target module
   1 | 'use client';
   2 |
>  3 | import {
     | ^^^^^^^
>  4 |   type CapacityOverrideState,
     | ^^^^^^^^^^^^^^^^^^^^^^^^^^^^^
>  5 |   INITIAL_CAPACITY_OVERRIDE_STATE,
     | ^^^^^^^^^^^^^^^^^^^^^^^^^^^^^^^^^^
>  6 |   clearCapacityOverride,
     | ^^^^^^^^^^^^^^^^^^^^^^^^
>  7 | } from '@/lib/actions/capacity';
     | ^^^^^^^^^^^^^^^^^^^^^^^^^^^^^^^^
   8 | import { useTranslations } from 'next-intl';
   9 | import { useActionState } from 'react';
  10 |

The export INITIAL_CAPACITY_OVERRIDE_STATE was not found in module [project]/src/lib/actions/capacity.ts [app-ssr] (ecmascript).
Did you mean to import setCapacityOverride?
All exports of the module are statically known (It doesn't have dynamic exports). So it's known statically that the requested export doesn't exist.

Import trace:
  Server Component:
    ./src/components/domain/capacity/clear-override-button.tsx
    ./src/app/dashboard/capacity/page.tsx @ http://localhost:3000/_next/static/chunks/0uew_next_dist_0butn37._.js:3272
[  337179ms] [ERROR] ./src/components/domain/capacity/override-form.tsx:3:1
Export INITIAL_CAPACITY_OVERRIDE_STATE doesn't exist in target module
   1 | 'use client';
   2 |
>  3 | import {
     | ^^^^^^^
>  4 |   type CapacityOverrideState,
     | ^^^^^^^^^^^^^^^^^^^^^^^^^^^^^
>  5 |   INITIAL_CAPACITY_OVERRIDE_STATE,
     | ^^^^^^^^^^^^^^^^^^^^^^^^^^^^^^^^^^
>  6 |   setCapacityOverride,
     | ^^^^^^^^^^^^^^^^^^^^^^
>  7 | } from '@/lib/actions/capacity';
     | ^^^^^^^^^^^^^^^^^^^^^^^^^^^^^^^
   8 | import { CAPACITY_BANDS } from '@/lib/capacity/band';
   9 | import { useTranslations } from 'next-intl';
  10 | import { useActionState, useRef } from 'react';

The export INITIAL_CAPACITY_OVERRIDE_STATE was not found in module [project]/src/lib/actions/capacity.ts [app-client] (ecmascript).
Did you mean to import setCapacityOverride?
All exports of the module are statically known (It doesn't have dynamic exports). So it's known statically that the requested export doesn't exist.

Import trace:
  Server Component:
    ./src/components/domain/capacity/override-form.tsx
    ./src/app/dashboard/capacity/page.tsx @ http://localhost:3000/_next/static/chunks/0uew_next_dist_0butn37._.js:3272
[  337179ms] [ERROR] ./src/components/domain/capacity/override-form.tsx:3:1
Export INITIAL_CAPACITY_OVERRIDE_STATE doesn't exist in target module
   1 | 'use client';
   2 |
>  3 | import {
     | ^^^^^^^
>  4 |   type CapacityOverrideState,
     | ^^^^^^^^^^^^^^^^^^^^^^^^^^^^^
>  5 |   INITIAL_CAPACITY_OVERRIDE_STATE,
     | ^^^^^^^^^^^^^^^^^^^^^^^^^^^^^^^^^^
>  6 |   setCapacityOverride,
     | ^^^^^^^^^^^^^^^^^^^^^^
>  7 | } from '@/lib/actions/capacity';
     | ^^^^^^^^^^^^^^^^^^^^^^^^^^^^^^^^
   8 | import { CAPACITY_BANDS } from '@/lib/capacity/band';
   9 | import { useTranslations } from 'next-intl';
  10 | import { useActionState, useRef } from 'react';

The export INITIAL_CAPACITY_OVERRIDE_STATE was not found in module [project]/src/lib/actions/capacity.ts [app-ssr] (ecmascript).
Did you mean to import setCapacityOverride?
All exports of the module are statically known (It doesn't have dynamic exports). So it's known statically that the requested export doesn't exist.

Import trace:
  Server Component:
    ./src/components/domain/capacity/override-form.tsx
    ./src/app/dashboard/capacity/page.tsx @ http://localhost:3000/_next/static/chunks/0uew_next_dist_0butn37._.js:3272
[  337181ms] [ERROR] Failed to load resource: the server responded with a status of 500 (Internal Server Error) @ http://localhost:3000/dashboard/capacity:0
[  337248ms] [INFO] %cDownload the React DevTools for a better development experience: https://react.dev/link/react-devtools font-weight:bold @ http://localhost:3000/_next/static/chunks/0kbc_react-dom_0bul~hs._.js:15305
[  337302ms] Error: ./src/components/domain/capacity/clear-override-button.tsx:3:1
Export INITIAL_CAPACITY_OVERRIDE_STATE doesn't exist in target module
   1 | 'use client';
   2 |
>  3 | import {
     | ^^^^^^^
>  4 |   type CapacityOverrideState,
     | ^^^^^^^^^^^^^^^^^^^^^^^^^^^^^
>  5 |   INITIAL_CAPACITY_OVERRIDE_STATE,
     | ^^^^^^^^^^^^^^^^^^^^^^^^^^^^^^^^^^
>  6 |   clearCapacityOverride,
     | ^^^^^^^^^^^^^^^^^^^^^^^^
>  7 | } from '@/lib/actions/capacity';
     | ^^^^^^^^^^^^^^^^^^^^^^^^^^^^^^^
   8 | import { useTranslations } from 'next-intl';
   9 | import { useActionState } from 'react';
  10 |

The export INITIAL_CAPACITY_OVERRIDE_STATE was not found in module [project]/src/lib/actions/capacity.ts [app-client] (ecmascript).
Did you mean to import setCapacityOverride?
All exports of the module are statically known (It doesn't have dynamic exports). So it's known statically that the requested export doesn't exist.

Import trace:
  Server Component:
    ./src/components/domain/capacity/clear-override-button.tsx
    ./src/app/dashboard/capacity/page.tsx


    at <unknown> (Error: ./src/components/domain/capacity/clear-override-button.tsx:3:1)
    at Object.getCompilationErrors (file://D:\Painless-CRM\painless-crm\node_modules\.pnpm\next@16.2.4_@babel+core@7.29.0_@opentelemetry+api@1.9.1_@playwright+test@1.59.1_babel-plugin-_uyhsl2qvhnwstpe5h5mcyli2wq\node_modules\next\dist\server\dev\hot-reloader-turbopack.js:1186:59)
    at DevBundlerService.getCompilationError (file://D:\Painless-CRM\painless-crm\node_modules\.pnpm\next@16.2.4_@babel+core@7.29.0_@opentelemetry+api@1.9.1_@playwright+test@1.59.1_babel-plugin-_uyhsl2qvhnwstpe5h5mcyli2wq\node_modules\next\dist\server\lib\dev-bundler-service.js:44:55)
    at DevServer.getCompilationError (file://D:\Painless-CRM\painless-crm\node_modules\.pnpm\next@16.2.4_@babel+core@7.29.0_@opentelemetry+api@1.9.1_@playwright+test@1.59.1_babel-plugin-_uyhsl2qvhnwstpe5h5mcyli2wq\node_modules\next\dist\server\dev\next-dev-server.js:719:42)
    at DevServer.findPageComponents (file://D:\Painless-CRM\painless-crm\node_modules\.pnpm\next@16.2.4_@babel+core@7.29.0_@opentelemetry+api@1.9.1_@playwright+test@1.59.1_babel-plugin-_uyhsl2qvhnwstpe5h5mcyli2wq\node_modules\next\dist\server\dev\next-dev-server.js:689:43)
    at async DevServer.renderErrorToResponseImpl (file://D:\Painless-CRM\painless-crm\node_modules\.pnpm\next@16.2.4_@babel+core@7.29.0_@opentelemetry+api@1.9.1_@playwright+test@1.59.1_babel-plugin-_uyhsl2qvhnwstpe5h5mcyli2wq\node_modules\next\dist\server\base-server.js:1745:26)
[  337303ms] [LOG] [HMR] connected @ http://localhost:3000/_next/static/chunks/0uew_next_dist_0w7xk36._.js:1226
[  337306ms] [ERROR] ./src/components/domain/capacity/clear-override-button.tsx:3:1
Export INITIAL_CAPACITY_OVERRIDE_STATE doesn't exist in target module
   1 | 'use client';
   2 |
>  3 | import {
     | ^^^^^^^
>  4 |   type CapacityOverrideState,
     | ^^^^^^^^^^^^^^^^^^^^^^^^^^^^^
>  5 |   INITIAL_CAPACITY_OVERRIDE_STATE,
     | ^^^^^^^^^^^^^^^^^^^^^^^^^^^^^^^^^^
>  6 |   clearCapacityOverride,
     | ^^^^^^^^^^^^^^^^^^^^^^^^
>  7 | } from '@/lib/actions/capacity';
     | ^^^^^^^^^^^^^^^^^^^^^^^^^^^^^^^
   8 | import { useTranslations } from 'next-intl';
   9 | import { useActionState } from 'react';
  10 |

The export INITIAL_CAPACITY_OVERRIDE_STATE was not found in module [project]/src/lib/actions/capacity.ts [app-client] (ecmascript).
Did you mean to import setCapacityOverride?
All exports of the module are statically known (It doesn't have dynamic exports). So it's known statically that the requested export doesn't exist.

Import trace:
  Server Component:
    ./src/components/domain/capacity/clear-override-button.tsx
    ./src/app/dashboard/capacity/page.tsx @ http://localhost:3000/_next/static/chunks/0uew_next_dist_0w7xk36._.js:1945
[  337306ms] [ERROR] ./src/components/domain/capacity/clear-override-button.tsx:3:1
Export INITIAL_CAPACITY_OVERRIDE_STATE doesn't exist in target module
   1 | 'use client';
   2 |
>  3 | import {
     | ^^^^^^^
>  4 |   type CapacityOverrideState,
     | ^^^^^^^^^^^^^^^^^^^^^^^^^^^^^
>  5 |   INITIAL_CAPACITY_OVERRIDE_STATE,
     | ^^^^^^^^^^^^^^^^^^^^^^^^^^^^^^^^^^
>  6 |   clearCapacityOverride,
     | ^^^^^^^^^^^^^^^^^^^^^^^^
>  7 | } from '@/lib/actions/capacity';
     | ^^^^^^^^^^^^^^^^^^^^^^^^^^^^^^^^
   8 | import { useTranslations } from 'next-intl';
   9 | import { useActionState } from 'react';
  10 |

The export INITIAL_CAPACITY_OVERRIDE_STATE was not found in module [project]/src/lib/actions/capacity.ts [app-ssr] (ecmascript).
Did you mean to import setCapacityOverride?
All exports of the module are statically known (It doesn't have dynamic exports). So it's known statically that the requested export doesn't exist.

Import trace:
  Server Component:
    ./src/components/domain/capacity/clear-override-button.tsx
    ./src/app/dashboard/capacity/page.tsx @ http://localhost:3000/_next/static/chunks/0uew_next_dist_0w7xk36._.js:1945
[  337306ms] [ERROR] ./src/components/domain/capacity/override-form.tsx:3:1
Export INITIAL_CAPACITY_OVERRIDE_STATE doesn't exist in target module
   1 | 'use client';
   2 |
>  3 | import {
     | ^^^^^^^
>  4 |   type CapacityOverrideState,
     | ^^^^^^^^^^^^^^^^^^^^^^^^^^^^^
>  5 |   INITIAL_CAPACITY_OVERRIDE_STATE,
     | ^^^^^^^^^^^^^^^^^^^^^^^^^^^^^^^^^^
>  6 |   setCapacityOverride,
     | ^^^^^^^^^^^^^^^^^^^^^^
>  7 | } from '@/lib/actions/capacity';
     | ^^^^^^^^^^^^^^^^^^^^^^^^^^^^^^^
   8 | import { CAPACITY_BANDS } from '@/lib/capacity/band';
   9 | import { useTranslations } from 'next-intl';
  10 | import { useActionState, useRef } from 'react';

The export INITIAL_CAPACITY_OVERRIDE_STATE was not found in module [project]/src/lib/actions/capacity.ts [app-client] (ecmascript).
Did you mean to import setCapacityOverride?
All exports of the module are statically known (It doesn't have dynamic exports). So it's known statically that the requested export doesn't exist.

Import trace:
  Server Component:
    ./src/components/domain/capacity/override-form.tsx
    ./src/app/dashboard/capacity/page.tsx @ http://localhost:3000/_next/static/chunks/0uew_next_dist_0w7xk36._.js:1945
[  337306ms] [ERROR] ./src/components/domain/capacity/override-form.tsx:3:1
Export INITIAL_CAPACITY_OVERRIDE_STATE doesn't exist in target module
   1 | 'use client';
   2 |
>  3 | import {
     | ^^^^^^^
>  4 |   type CapacityOverrideState,
     | ^^^^^^^^^^^^^^^^^^^^^^^^^^^^^
>  5 |   INITIAL_CAPACITY_OVERRIDE_STATE,
     | ^^^^^^^^^^^^^^^^^^^^^^^^^^^^^^^^^^
>  6 |   setCapacityOverride,
     | ^^^^^^^^^^^^^^^^^^^^^^
>  7 | } from '@/lib/actions/capacity';
     | ^^^^^^^^^^^^^^^^^^^^^^^^^^^^^^^^
   8 | import { CAPACITY_BANDS } from '@/lib/capacity/band';
   9 | import { useTranslations } from 'next-intl';
  10 | import { useActionState, useRef } from 'react';

The export INITIAL_CAPACITY_OVERRIDE_STATE was not found in module [project]/src/lib/actions/capacity.ts [app-ssr] (ecmascript).
Did you mean to import setCapacityOverride?
All exports of the module are statically known (It doesn't have dynamic exports). So it's known statically that the requested export doesn't exist.

Import trace:
  Server Component:
    ./src/components/domain/capacity/override-form.tsx
    ./src/app/dashboard/capacity/page.tsx @ http://localhost:3000/_next/static/chunks/0uew_next_dist_0w7xk36._.js:1945
[  337380ms] [ERROR] ./src/components/domain/capacity/clear-override-button.tsx:3:1
Export INITIAL_CAPACITY_OVERRIDE_STATE doesn't exist in target module
   1 | 'use client';
   2 |
>  3 | import {
     | ^^^^^^^
>  4 |   type CapacityOverrideState,
     | ^^^^^^^^^^^^^^^^^^^^^^^^^^^^^
>  5 |   INITIAL_CAPACITY_OVERRIDE_STATE,
     | ^^^^^^^^^^^^^^^^^^^^^^^^^^^^^^^^^^
>  6 |   clearCapacityOverride,
     | ^^^^^^^^^^^^^^^^^^^^^^^^
>  7 | } from '@/lib/actions/capacity';
     | ^^^^^^^^^^^^^^^^^^^^^^^^^^^^^^^
   8 | import { useTranslations } from 'next-intl';
   9 | import { useActionState } from 'react';
  10 |

The export INITIAL_CAPACITY_OVERRIDE_STATE was not found in module [project]/src/lib/actions/capacity.ts [app-client] (ecmascript).
Did you mean to import setCapacityOverride?
All exports of the module are statically known (It doesn't have dynamic exports). So it's known statically that the requested export doesn't exist.

Import trace:
  Server Component:
    ./src/components/domain/capacity/clear-override-button.tsx
    ./src/app/dashboard/capacity/page.tsx @ http://localhost:3000/_next/static/chunks/0uew_next_dist_0w7xk36._.js:1945
[  337380ms] [ERROR] ./src/components/domain/capacity/clear-override-button.tsx:3:1
Export INITIAL_CAPACITY_OVERRIDE_STATE doesn't exist in target module
   1 | 'use client';
   2 |
>  3 | import {
     | ^^^^^^^
>  4 |   type CapacityOverrideState,
     | ^^^^^^^^^^^^^^^^^^^^^^^^^^^^^
>  5 |   INITIAL_CAPACITY_OVERRIDE_STATE,
     | ^^^^^^^^^^^^^^^^^^^^^^^^^^^^^^^^^^
>  6 |   clearCapacityOverride,
     | ^^^^^^^^^^^^^^^^^^^^^^^^
>  7 | } from '@/lib/actions/capacity';
     | ^^^^^^^^^^^^^^^^^^^^^^^^^^^^^^^^
   8 | import { useTranslations } from 'next-intl';
   9 | import { useActionState } from 'react';
  10 |

The export INITIAL_CAPACITY_OVERRIDE_STATE was not found in module [project]/src/lib/actions/capacity.ts [app-ssr] (ecmascript).
Did you mean to import setCapacityOverride?
All exports of the module are statically known (It doesn't have dynamic exports). So it's known statically that the requested export doesn't exist.

Import trace:
  Server Component:
    ./src/components/domain/capacity/clear-override-button.tsx
    ./src/app/dashboard/capacity/page.tsx @ http://localhost:3000/_next/static/chunks/0uew_next_dist_0w7xk36._.js:1945
[  337380ms] [ERROR] ./src/components/domain/capacity/override-form.tsx:3:1
Export INITIAL_CAPACITY_OVERRIDE_STATE doesn't exist in target module
   1 | 'use client';
   2 |
>  3 | import {
     | ^^^^^^^
>  4 |   type CapacityOverrideState,
     | ^^^^^^^^^^^^^^^^^^^^^^^^^^^^^
>  5 |   INITIAL_CAPACITY_OVERRIDE_STATE,
     | ^^^^^^^^^^^^^^^^^^^^^^^^^^^^^^^^^^
>  6 |   setCapacityOverride,
     | ^^^^^^^^^^^^^^^^^^^^^^
>  7 | } from '@/lib/actions/capacity';
     | ^^^^^^^^^^^^^^^^^^^^^^^^^^^^^^^
   8 | import { CAPACITY_BANDS } from '@/lib/capacity/band';
   9 | import { useTranslations } from 'next-intl';
  10 | import { useActionState, useRef } from 'react';

The export INITIAL_CAPACITY_OVERRIDE_STATE was not found in module [project]/src/lib/actions/capacity.ts [app-client] (ecmascript).
Did you mean to import setCapacityOverride?
All exports of the module are statically known (It doesn't have dynamic exports). So it's known statically that the requested export doesn't exist.

Import trace:
  Server Component:
    ./src/components/domain/capacity/override-form.tsx
    ./src/app/dashboard/capacity/page.tsx @ http://localhost:3000/_next/static/chunks/0uew_next_dist_0w7xk36._.js:1945
[  337380ms] [ERROR] ./src/components/domain/capacity/override-form.tsx:3:1
Export INITIAL_CAPACITY_OVERRIDE_STATE doesn't exist in target module
   1 | 'use client';
   2 |
>  3 | import {
     | ^^^^^^^
>  4 |   type CapacityOverrideState,
     | ^^^^^^^^^^^^^^^^^^^^^^^^^^^^^
>  5 |   INITIAL_CAPACITY_OVERRIDE_STATE,
     | ^^^^^^^^^^^^^^^^^^^^^^^^^^^^^^^^^^
>  6 |   setCapacityOverride,
     | ^^^^^^^^^^^^^^^^^^^^^^
>  7 | } from '@/lib/actions/capacity';
     | ^^^^^^^^^^^^^^^^^^^^^^^^^^^^^^^^
   8 | import { CAPACITY_BANDS } from '@/lib/capacity/band';
   9 | import { useTranslations } from 'next-intl';
  10 | import { useActionState, useRef } from 'react';

The export INITIAL_CAPACITY_OVERRIDE_STATE was not found in module [project]/src/lib/actions/capacity.ts [app-ssr] (ecmascript).
Did you mean to import setCapacityOverride?
All exports of the module are statically known (It doesn't have dynamic exports). So it's known statically that the requested export doesn't exist.

Import trace:
  Server Component:
    ./src/components/domain/capacity/override-form.tsx
    ./src/app/dashboard/capacity/page.tsx @ http://localhost:3000/_next/static/chunks/0uew_next_dist_0w7xk36._.js:1945
[  337407ms] [LOG] [Fast Refresh] rebuilding @ http://localhost:3000/_next/static/chunks/0uew_next_dist_0w7xk36._.js:1226
[  343610ms] [ERROR] ./src/components/domain/capacity/clear-override-button.tsx:3:1
Export INITIAL_CAPACITY_OVERRIDE_STATE doesn't exist in target module
   1 | 'use client';
   2 |
>  3 | import {
     | ^^^^^^^
>  4 |   type CapacityOverrideState,
     | ^^^^^^^^^^^^^^^^^^^^^^^^^^^^^
>  5 |   INITIAL_CAPACITY_OVERRIDE_STATE,
     | ^^^^^^^^^^^^^^^^^^^^^^^^^^^^^^^^^^
>  6 |   clearCapacityOverride,
     | ^^^^^^^^^^^^^^^^^^^^^^^^
>  7 | } from '@/lib/actions/capacity';
     | ^^^^^^^^^^^^^^^^^^^^^^^^^^^^^^^
   8 | import { useTranslations } from 'next-intl';
   9 | import { useActionState } from 'react';
  10 |

The export INITIAL_CAPACITY_OVERRIDE_STATE was not found in module [project]/src/lib/actions/capacity.ts [app-client] (ecmascript).
Did you mean to import setCapacityOverride?
All exports of the module are statically known (It doesn't have dynamic exports). So it's known statically that the requested export doesn't exist.

Import trace:
  Server Component:
    ./src/components/domain/capacity/clear-override-button.tsx
    ./src/app/dashboard/capacity/page.tsx @ http://localhost:3000/_next/static/chunks/0uew_next_dist_0w7xk36._.js:1945
[  343610ms] [ERROR] ./src/components/domain/capacity/clear-override-button.tsx:3:1
Export INITIAL_CAPACITY_OVERRIDE_STATE doesn't exist in target module
   1 | 'use client';
   2 |
>  3 | import {
     | ^^^^^^^
>  4 |   type CapacityOverrideState,
     | ^^^^^^^^^^^^^^^^^^^^^^^^^^^^^
>  5 |   INITIAL_CAPACITY_OVERRIDE_STATE,
     | ^^^^^^^^^^^^^^^^^^^^^^^^^^^^^^^^^^
>  6 |   clearCapacityOverride,
     | ^^^^^^^^^^^^^^^^^^^^^^^^
>  7 | } from '@/lib/actions/capacity';
     | ^^^^^^^^^^^^^^^^^^^^^^^^^^^^^^^^
   8 | import { useTranslations } from 'next-intl';
   9 | import { useActionState } from 'react';
  10 |

The export INITIAL_CAPACITY_OVERRIDE_STATE was not found in module [project]/src/lib/actions/capacity.ts [app-ssr] (ecmascript).
Did you mean to import setCapacityOverride?
All exports of the module are statically known (It doesn't have dynamic exports). So it's known statically that the requested export doesn't exist.

Import trace:
  Server Component:
    ./src/components/domain/capacity/clear-override-button.tsx
    ./src/app/dashboard/capacity/page.tsx @ http://localhost:3000/_next/static/chunks/0uew_next_dist_0w7xk36._.js:1945
[  343610ms] [ERROR] ./src/components/domain/capacity/override-form.tsx:3:1
Export INITIAL_CAPACITY_OVERRIDE_STATE doesn't exist in target module
   1 | 'use client';
   2 |
>  3 | import {
     | ^^^^^^^
>  4 |   type CapacityOverrideState,
     | ^^^^^^^^^^^^^^^^^^^^^^^^^^^^^
>  5 |   INITIAL_CAPACITY_OVERRIDE_STATE,
     | ^^^^^^^^^^^^^^^^^^^^^^^^^^^^^^^^^^
>  6 |   setCapacityOverride,
     | ^^^^^^^^^^^^^^^^^^^^^^
>  7 | } from '@/lib/actions/capacity';
     | ^^^^^^^^^^^^^^^^^^^^^^^^^^^^^^^
   8 | import { CAPACITY_BANDS } from '@/lib/capacity/band';
   9 | import { useTranslations } from 'next-intl';
  10 | import { useActionState, useRef } from 'react';

The export INITIAL_CAPACITY_OVERRIDE_STATE was not found in module [project]/src/lib/actions/capacity.ts [app-client] (ecmascript).
Did you mean to import setCapacityOverride?
All exports of the module are statically known (It doesn't have dynamic exports). So it's known statically that the requested export doesn't exist.

Import trace:
  Server Component:
    ./src/components/domain/capacity/override-form.tsx
    ./src/app/dashboard/capacity/page.tsx @ http://localhost:3000/_next/static/chunks/0uew_next_dist_0w7xk36._.js:1945
[  343610ms] [ERROR] ./src/components/domain/capacity/override-form.tsx:3:1
Export INITIAL_CAPACITY_OVERRIDE_STATE doesn't exist in target module
   1 | 'use client';
   2 |
>  3 | import {
     | ^^^^^^^
>  4 |   type CapacityOverrideState,
     | ^^^^^^^^^^^^^^^^^^^^^^^^^^^^^
>  5 |   INITIAL_CAPACITY_OVERRIDE_STATE,
     | ^^^^^^^^^^^^^^^^^^^^^^^^^^^^^^^^^^
>  6 |   setCapacityOverride,
     | ^^^^^^^^^^^^^^^^^^^^^^
>  7 | } from '@/lib/actions/capacity';
     | ^^^^^^^^^^^^^^^^^^^^^^^^^^^^^^^^
   8 | import { CAPACITY_BANDS } from '@/lib/capacity/band';
   9 | import { useTranslations } from 'next-intl';
  10 | import { useActionState, useRef } from 'react';

The export INITIAL_CAPACITY_OVERRIDE_STATE was not found in module [project]/src/lib/actions/capacity.ts [app-ssr] (ecmascript).
Did you mean to import setCapacityOverride?
All exports of the module are statically known (It doesn't have dynamic exports). So it's known statically that the requested export doesn't exist.

Import trace:
  Server Component:
    ./src/components/domain/capacity/override-form.tsx
    ./src/app/dashboard/capacity/page.tsx @ http://localhost:3000/_next/static/chunks/0uew_next_dist_0w7xk36._.js:1945
[  343716ms] [LOG] [Fast Refresh] rebuilding @ http://localhost:3000/_next/static/chunks/0uew_next_dist_0w7xk36._.js:1226
[  343819ms] [ERROR] Failed to load resource: the server responded with a status of 500 (Internal Server Error) @ http://localhost:3000/dashboard/capacity:0
[  343845ms] [INFO] %cDownload the React DevTools for a better development experience: https://react.dev/link/react-devtools font-weight:bold @ http://localhost:3000/_next/static/chunks/0kbc_react-dom_0bul~hs._.js:15305
[  343856ms] Error: ./src/components/domain/capacity/clear-override-button.tsx:3:1
Export INITIAL_CAPACITY_OVERRIDE_STATE doesn't exist in target module
   1 | 'use client';
   2 |
>  3 | import {
     | ^^^^^^^
>  4 |   type CapacityOverrideState,
     | ^^^^^^^^^^^^^^^^^^^^^^^^^^^^^
>  5 |   INITIAL_CAPACITY_OVERRIDE_STATE,
     | ^^^^^^^^^^^^^^^^^^^^^^^^^^^^^^^^^^
>  6 |   clearCapacityOverride,
     | ^^^^^^^^^^^^^^^^^^^^^^^^
>  7 | } from '@/lib/actions/capacity';
     | ^^^^^^^^^^^^^^^^^^^^^^^^^^^^^^^
   8 | import { useTranslations } from 'next-intl';
   9 | import { useActionState } from 'react';
  10 |

The export INITIAL_CAPACITY_OVERRIDE_STATE was not found in module [project]/src/lib/actions/capacity.ts [app-client] (ecmascript).
Did you mean to import setCapacityOverride?
All exports of the module are statically known (It doesn't have dynamic exports). So it's known statically that the requested export doesn't exist.

Import trace:
  Server Component:
    ./src/components/domain/capacity/clear-override-button.tsx
    ./src/app/dashboard/capacity/page.tsx


    at <unknown> (Error: ./src/components/domain/capacity/clear-override-button.tsx:3:1)
    at Object.getCompilationErrors (file://D:\Painless-CRM\painless-crm\node_modules\.pnpm\next@16.2.4_@babel+core@7.29.0_@opentelemetry+api@1.9.1_@playwright+test@1.59.1_babel-plugin-_uyhsl2qvhnwstpe5h5mcyli2wq\node_modules\next\dist\server\dev\hot-reloader-turbopack.js:1186:59)
    at DevBundlerService.getCompilationError (file://D:\Painless-CRM\painless-crm\node_modules\.pnpm\next@16.2.4_@babel+core@7.29.0_@opentelemetry+api@1.9.1_@playwright+test@1.59.1_babel-plugin-_uyhsl2qvhnwstpe5h5mcyli2wq\node_modules\next\dist\server\lib\dev-bundler-service.js:44:55)
    at DevServer.getCompilationError (file://D:\Painless-CRM\painless-crm\node_modules\.pnpm\next@16.2.4_@babel+core@7.29.0_@opentelemetry+api@1.9.1_@playwright+test@1.59.1_babel-plugin-_uyhsl2qvhnwstpe5h5mcyli2wq\node_modules\next\dist\server\dev\next-dev-server.js:719:42)
    at DevServer.findPageComponents (file://D:\Painless-CRM\painless-crm\node_modules\.pnpm\next@16.2.4_@babel+core@7.29.0_@opentelemetry+api@1.9.1_@playwright+test@1.59.1_babel-plugin-_uyhsl2qvhnwstpe5h5mcyli2wq\node_modules\next\dist\server\dev\next-dev-server.js:689:43)
    at async DevServer.renderErrorToResponseImpl (file://D:\Painless-CRM\painless-crm\node_modules\.pnpm\next@16.2.4_@babel+core@7.29.0_@opentelemetry+api@1.9.1_@playwright+test@1.59.1_babel-plugin-_uyhsl2qvhnwstpe5h5mcyli2wq\node_modules\next\dist\server\base-server.js:1745:26)
[  343856ms] [LOG] [HMR] connected @ http://localhost:3000/_next/static/chunks/0uew_next_dist_0w7xk36._.js:1226
[  343858ms] [ERROR] ./src/components/domain/capacity/clear-override-button.tsx:3:1
Export INITIAL_CAPACITY_OVERRIDE_STATE doesn't exist in target module
   1 | 'use client';
   2 |
>  3 | import {
     | ^^^^^^^
>  4 |   type CapacityOverrideState,
     | ^^^^^^^^^^^^^^^^^^^^^^^^^^^^^
>  5 |   INITIAL_CAPACITY_OVERRIDE_STATE,
     | ^^^^^^^^^^^^^^^^^^^^^^^^^^^^^^^^^^
>  6 |   clearCapacityOverride,
     | ^^^^^^^^^^^^^^^^^^^^^^^^
>  7 | } from '@/lib/actions/capacity';
     | ^^^^^^^^^^^^^^^^^^^^^^^^^^^^^^^
   8 | import { useTranslations } from 'next-intl';
   9 | import { useActionState } from 'react';
  10 |

The export INITIAL_CAPACITY_OVERRIDE_STATE was not found in module [project]/src/lib/actions/capacity.ts [app-client] (ecmascript).
Did you mean to import setCapacityOverride?
All exports of the module are statically known (It doesn't have dynamic exports). So it's known statically that the requested export doesn't exist.

Import trace:
  Server Component:
    ./src/components/domain/capacity/clear-override-button.tsx
    ./src/app/dashboard/capacity/page.tsx @ http://localhost:3000/_next/static/chunks/0uew_next_dist_0w7xk36._.js:1945
[  343858ms] [ERROR] ./src/components/domain/capacity/clear-override-button.tsx:3:1
Export INITIAL_CAPACITY_OVERRIDE_STATE doesn't exist in target module
   1 | 'use client';
   2 |
>  3 | import {
     | ^^^^^^^
>  4 |   type CapacityOverrideState,
     | ^^^^^^^^^^^^^^^^^^^^^^^^^^^^^
>  5 |   INITIAL_CAPACITY_OVERRIDE_STATE,
     | ^^^^^^^^^^^^^^^^^^^^^^^^^^^^^^^^^^
>  6 |   clearCapacityOverride,
     | ^^^^^^^^^^^^^^^^^^^^^^^^
>  7 | } from '@/lib/actions/capacity';
     | ^^^^^^^^^^^^^^^^^^^^^^^^^^^^^^^^
   8 | import { useTranslations } from 'next-intl';
   9 | import { useActionState } from 'react';
  10 |

The export INITIAL_CAPACITY_OVERRIDE_STATE was not found in module [project]/src/lib/actions/capacity.ts [app-ssr] (ecmascript).
Did you mean to import setCapacityOverride?
All exports of the module are statically known (It doesn't have dynamic exports). So it's known statically that the requested export doesn't exist.

Import trace:
  Server Component:
    ./src/components/domain/capacity/clear-override-button.tsx
    ./src/app/dashboard/capacity/page.tsx @ http://localhost:3000/_next/static/chunks/0uew_next_dist_0w7xk36._.js:1945
[  343902ms] [ERROR] ./src/components/domain/capacity/clear-override-button.tsx:3:1
Export INITIAL_CAPACITY_OVERRIDE_STATE doesn't exist in target module
   1 | 'use client';
   2 |
>  3 | import {
     | ^^^^^^^
>  4 |   type CapacityOverrideState,
     | ^^^^^^^^^^^^^^^^^^^^^^^^^^^^^
>  5 |   INITIAL_CAPACITY_OVERRIDE_STATE,
     | ^^^^^^^^^^^^^^^^^^^^^^^^^^^^^^^^^^
>  6 |   clearCapacityOverride,
     | ^^^^^^^^^^^^^^^^^^^^^^^^
>  7 | } from '@/lib/actions/capacity';
     | ^^^^^^^^^^^^^^^^^^^^^^^^^^^^^^^
   8 | import { useTranslations } from 'next-intl';
   9 | import { useActionState } from 'react';
  10 |

The export INITIAL_CAPACITY_OVERRIDE_STATE was not found in module [project]/src/lib/actions/capacity.ts [app-client] (ecmascript).
Did you mean to import setCapacityOverride?
All exports of the module are statically known (It doesn't have dynamic exports). So it's known statically that the requested export doesn't exist.

Import trace:
  Server Component:
    ./src/components/domain/capacity/clear-override-button.tsx
    ./src/app/dashboard/capacity/page.tsx @ http://localhost:3000/_next/static/chunks/0uew_next_dist_0w7xk36._.js:1945
[  343902ms] [ERROR] ./src/components/domain/capacity/clear-override-button.tsx:3:1
Export INITIAL_CAPACITY_OVERRIDE_STATE doesn't exist in target module
   1 | 'use client';
   2 |
>  3 | import {
     | ^^^^^^^
>  4 |   type CapacityOverrideState,
     | ^^^^^^^^^^^^^^^^^^^^^^^^^^^^^
>  5 |   INITIAL_CAPACITY_OVERRIDE_STATE,
     | ^^^^^^^^^^^^^^^^^^^^^^^^^^^^^^^^^^
>  6 |   clearCapacityOverride,
     | ^^^^^^^^^^^^^^^^^^^^^^^^
>  7 | } from '@/lib/actions/capacity';
     | ^^^^^^^^^^^^^^^^^^^^^^^^^^^^^^^^
   8 | import { useTranslations } from 'next-intl';
   9 | import { useActionState } from 'react';
  10 |

The export INITIAL_CAPACITY_OVERRIDE_STATE was not found in module [project]/src/lib/actions/capacity.ts [app-ssr] (ecmascript).
Did you mean to import setCapacityOverride?
All exports of the module are statically known (It doesn't have dynamic exports). So it's known statically that the requested export doesn't exist.

Import trace:
  Server Component:
    ./src/components/domain/capacity/clear-override-button.tsx
    ./src/app/dashboard/capacity/page.tsx @ http://localhost:3000/_next/static/chunks/0uew_next_dist_0w7xk36._.js:1945
[  343963ms] [LOG] [Fast Refresh] rebuilding @ http://localhost:3000/_next/static/chunks/0uew_next_dist_0w7xk36._.js:1226
[  355388ms] [LOG] [Fast Refresh] rebuilding @ http://localhost:3000/_next/static/chunks/0uew_next_dist_0w7xk36._.js:1226
[  355741ms] [LOG] [Fast Refresh] done in 81ms @ http://localhost:3000/_next/static/chunks/0uew_next_dist_0w7xk36._.js:1226
[  356739ms] [INFO] %cDownload the React DevTools for a better development experience: https://react.dev/link/react-devtools font-weight:bold @ http://localhost:3000/_next/static/chunks/0uew_next_dist_0butn37._.js:2431
[  356755ms] [LOG] [HMR] connected @ http://localhost:3000/_next/static/chunks/0uew_next_dist_0butn37._.js:2431
