[     123ms] [LOG] [Fast Refresh] rebuilding @ http://localhost:3000/_next/static/chunks/0uew_next_dist_0butn37._.js:2431
[     688ms] [LOG] [Fast Refresh] done in 681ms @ http://localhost:3000/_next/static/chunks/0uew_next_dist_0butn37._.js:2431
[     890ms] [INFO] %cDownload the React DevTools for a better development experience: https://react.dev/link/react-devtools font-weight:bold @ http://localhost:3000/_next/static/chunks/0uew_next_dist_0butn37._.js:2431
[     904ms] [LOG] [HMR] connected @ http://localhost:3000/_next/static/chunks/0uew_next_dist_0butn37._.js:2431
[ 2502101ms] [LOG] [Fast Refresh] rebuilding @ http://localhost:3000/_next/static/chunks/0uew_next_dist_0butn37._.js:2431
[ 2502172ms] [LOG] [Fast Refresh] done in 142ms @ http://localhost:3000/_next/static/chunks/0uew_next_dist_0butn37._.js:2431
[ 2502286ms] [LOG] [Fast Refresh] rebuilding @ http://localhost:3000/_next/static/chunks/0uew_next_dist_0butn37._.js:2431
[ 2502540ms] [LOG] [Fast Refresh] done in 367ms @ http://localhost:3000/_next/static/chunks/0uew_next_dist_0butn37._.js:2431
[ 2502795ms] [LOG] [Fast Refresh] rebuilding @ http://localhost:3000/_next/static/chunks/0uew_next_dist_0butn37._.js:2431
[ 2503062ms] [LOG] [Fast Refresh] done in 379ms @ http://localhost:3000/_next/static/chunks/0uew_next_dist_0butn37._.js:2431
[ 2508996ms] [LOG] [Fast Refresh] rebuilding @ http://localhost:3000/_next/static/chunks/0uew_next_dist_0butn37._.js:2431
[ 2509272ms] [LOG] [Fast Refresh] done in 56ms @ http://localhost:3000/_next/static/chunks/0uew_next_dist_0butn37._.js:2431
[ 2515548ms] [LOG] [Fast Refresh] rebuilding @ http://localhost:3000/_next/static/chunks/0uew_next_dist_0butn37._.js:2431
[ 2515953ms] [LOG] [Fast Refresh] done in 98ms @ http://localhost:3000/_next/static/chunks/0uew_next_dist_0butn37._.js:2431
[ 2516141ms] [LOG] [Fast Refresh] rebuilding @ http://localhost:3000/_next/static/chunks/0uew_next_dist_0butn37._.js:2431
[ 2516217ms] [LOG] [Fast Refresh] done in 176ms @ http://localhost:3000/_next/static/chunks/0uew_next_dist_0butn37._.js:2431
[ 2584864ms] [LOG] [Fast Refresh] rebuilding @ http://localhost:3000/_next/static/chunks/0uew_next_dist_0butn37._.js:2431
[ 2584976ms] [LOG] [Fast Refresh] done in 168ms @ http://localhost:3000/_next/static/chunks/0uew_next_dist_0butn37._.js:2431
[ 2585096ms] [LOG] [Fast Refresh] rebuilding @ http://localhost:3000/_next/static/chunks/0uew_next_dist_0butn37._.js:2431
[ 2585189ms] [LOG] [Fast Refresh] done in 204ms @ http://localhost:3000/_next/static/chunks/0uew_next_dist_0butn37._.js:2431
