[    1346ms] [INFO] %cDownload the React DevTools for a better development experience: https://react.dev/link/react-devtools font-weight:bold @ http://localhost:3000/_next/static/chunks/0uew_next_dist_0butn37._.js:2431
[    1365ms] [LOG] [HMR] connected @ http://localhost:3000/_next/static/chunks/0uew_next_dist_0butn37._.js:2431
[  281711ms] [LOG] [Fast Refresh] rebuilding @ http://localhost:3000/_next/static/chunks/0uew_next_dist_0butn37._.js:2431
[  281768ms] [LOG] [Fast Refresh] done in 89ms @ http://localhost:3000/_next/static/chunks/0uew_next_dist_0butn37._.js:2431
[  281769ms] [LOG] [Fast Refresh] rebuilding @ http://localhost:3000/_next/static/chunks/0uew_next_dist_0butn37._.js:2431
[  281953ms] [LOG] [Fast Refresh] done in 183ms @ http://localhost:3000/_next/static/chunks/0uew_next_dist_0butn37._.js:2431
[  282209ms] [LOG] [Fast Refresh] rebuilding @ http://localhost:3000/_next/static/chunks/0uew_next_dist_0butn37._.js:2431
[  282313ms] [LOG] [Fast Refresh] done in 207ms @ http://localhost:3000/_next/static/chunks/0uew_next_dist_0butn37._.js:2431
[  283812ms] [LOG] [Fast Refresh] rebuilding @ http://localhost:3000/_next/static/chunks/0uew_next_dist_0butn37._.js:2431
[  283917ms] [LOG] [Fast Refresh] done in 208ms @ http://localhost:3000/_next/static/chunks/0uew_next_dist_0butn37._.js:2431
[  284019ms] [LOG] [Fast Refresh] rebuilding @ http://localhost:3000/_next/static/chunks/0uew_next_dist_0butn37._.js:2431
[  284060ms] [LOG] [Fast Refresh] done in 143ms @ http://localhost:3000/_next/static/chunks/0uew_next_dist_0butn37._.js:2431
[  285123ms] [LOG] [Fast Refresh] rebuilding @ http://localhost:3000/_next/static/chunks/0uew_next_dist_0butn37._.js:2431
[  285186ms] [LOG] [Fast Refresh] done in 166ms @ http://localhost:3000/_next/static/chunks/0uew_next_dist_0butn37._.js:2431
[  286246ms] [LOG] [Fast Refresh] rebuilding @ http://localhost:3000/_next/static/chunks/0uew_next_dist_0butn37._.js:2431
[  286254ms] [LOG] [Fast Refresh] done in 113ms @ http://localhost:3000/_next/static/chunks/0uew_next_dist_0butn37._.js:2431
[  286799ms] [LOG] [Fast Refresh] rebuilding @ http://localhost:3000/_next/static/chunks/0uew_next_dist_0butn37._.js:2431
[  286858ms] [LOG] [Fast Refresh] done in 163ms @ http://localhost:3000/_next/static/chunks/0uew_next_dist_0butn37._.js:2431
[  287686ms] [LOG] [Fast Refresh] rebuilding @ http://localhost:3000/_next/static/chunks/0uew_next_dist_0butn37._.js:2431
[  287707ms] [LOG] [Fast Refresh] done in 124ms @ http://localhost:3000/_next/static/chunks/0uew_next_dist_0butn37._.js:2431
[  287938ms] [LOG] [Fast Refresh] rebuilding @ http://localhost:3000/_next/static/chunks/0uew_next_dist_0butn37._.js:2431
[  288280ms] [LOG] [Fast Refresh] done in 442ms @ http://localhost:3000/_next/static/chunks/0uew_next_dist_0butn37._.js:2431
[  288386ms] [LOG] [Fast Refresh] rebuilding @ http://localhost:3000/_next/static/chunks/0uew_next_dist_0butn37._.js:2431
[  288448ms] [LOG] [Fast Refresh] done in 167ms @ http://localhost:3000/_next/static/chunks/0uew_next_dist_0butn37._.js:2431
[  288869ms] [LOG] [Fast Refresh] rebuilding @ http://localhost:3000/_next/static/chunks/0uew_next_dist_0butn37._.js:2431
[  288875ms] [LOG] [Fast Refresh] done in 109ms @ http://localhost:3000/_next/static/chunks/0uew_next_dist_0butn37._.js:2431
[  289113ms] [LOG] [Fast Refresh] rebuilding @ http://localhost:3000/_next/static/chunks/0uew_next_dist_0butn37._.js:2431
[  289170ms] [LOG] [Fast Refresh] done in 162ms @ http://localhost:3000/_next/static/chunks/0uew_next_dist_0butn37._.js:2431
[  289531ms] [LOG] [Fast Refresh] rebuilding @ http://localhost:3000/_next/static/chunks/0uew_next_dist_0butn37._.js:2431
[  289535ms] [LOG] [Fast Refresh] done in 114ms @ http://localhost:3000/_next/static/chunks/0uew_next_dist_0butn37._.js:2431
[  290346ms] [LOG] [Fast Refresh] rebuilding @ http://localhost:3000/_next/static/chunks/0uew_next_dist_0butn37._.js:2431
[  290383ms] [LOG] [Fast Refresh] done in 140ms @ http://localhost:3000/_next/static/chunks/0uew_next_dist_0butn37._.js:2431
[  290588ms] [LOG] [Fast Refresh] rebuilding @ http://localhost:3000/_next/static/chunks/0uew_next_dist_0butn37._.js:2431
[  290709ms] [LOG] [Fast Refresh] done in 222ms @ http://localhost:3000/_next/static/chunks/0uew_next_dist_0butn37._.js:2431
[  292079ms] [LOG] [Fast Refresh] rebuilding @ http://localhost:3000/_next/static/chunks/0uew_next_dist_0butn37._.js:2431
[  292080ms] [LOG] [Fast Refresh] done in 107ms @ http://localhost:3000/_next/static/chunks/0uew_next_dist_0butn37._.js:2431
[  292341ms] [LOG] [Fast Refresh] rebuilding @ http://localhost:3000/_next/static/chunks/0uew_next_dist_0butn37._.js:2431
[  292346ms] [LOG] [Fast Refresh] done in 110ms @ http://localhost:3000/_next/static/chunks/0uew_next_dist_0butn37._.js:2431
[  292915ms] [LOG] [Fast Refresh] rebuilding @ http://localhost:3000/_next/static/chunks/0uew_next_dist_0butn37._.js:2431
[  293026ms] [LOG] [Fast Refresh] done in 214ms @ http://localhost:3000/_next/static/chunks/0uew_next_dist_0butn37._.js:2431
[  293847ms] [LOG] [Fast Refresh] rebuilding @ http://localhost:3000/_next/static/chunks/0uew_next_dist_0butn37._.js:2431
[  293908ms] [LOG] [Fast Refresh] done in 164ms @ http://localhost:3000/_next/static/chunks/0uew_next_dist_0butn37._.js:2431
[  294011ms] [LOG] [Fast Refresh] rebuilding @ http://localhost:3000/_next/static/chunks/0uew_next_dist_0butn37._.js:2431
[  294098ms] [LOG] [Fast Refresh] done in 189ms @ http://localhost:3000/_next/static/chunks/0uew_next_dist_0butn37._.js:2431
[  294648ms] [LOG] [Fast Refresh] rebuilding @ http://localhost:3000/_next/static/chunks/0uew_next_dist_0butn37._.js:2431
[  294797ms] [LOG] [Fast Refresh] done in 251ms @ http://localhost:3000/_next/static/chunks/0uew_next_dist_0butn37._.js:2431
[  295284ms] [LOG] [Fast Refresh] rebuilding @ http://localhost:3000/_next/static/chunks/0uew_next_dist_0butn37._.js:2431
[  295284ms] [LOG] [Fast Refresh] done in 105ms @ http://localhost:3000/_next/static/chunks/0uew_next_dist_0butn37._.js:2431
[  295389ms] [LOG] [Fast Refresh] rebuilding @ http://localhost:3000/_next/static/chunks/0uew_next_dist_0butn37._.js:2431
[  295433ms] [LOG] [Fast Refresh] done in 147ms @ http://localhost:3000/_next/static/chunks/0uew_next_dist_0butn37._.js:2431
[  295901ms] [LOG] [Fast Refresh] rebuilding @ http://localhost:3000/_next/static/chunks/0uew_next_dist_0butn37._.js:2431
[  295913ms] [LOG] [Fast Refresh] done in 115ms @ http://localhost:3000/_next/static/chunks/0uew_next_dist_0butn37._.js:2431
[  296467ms] [LOG] [Fast Refresh] rebuilding @ http://localhost:3000/_next/static/chunks/0uew_next_dist_0butn37._.js:2431
[  296470ms] [LOG] [Fast Refresh] done in 105ms @ http://localhost:3000/_next/static/chunks/0uew_next_dist_0butn37._.js:2431
[  297612ms] [LOG] [Fast Refresh] rebuilding @ http://localhost:3000/_next/static/chunks/0uew_next_dist_0butn37._.js:2431
[  297614ms] [LOG] [Fast Refresh] done in 104ms @ http://localhost:3000/_next/static/chunks/0uew_next_dist_0butn37._.js:2431
[  297718ms] [LOG] [Fast Refresh] rebuilding @ http://localhost:3000/_next/static/chunks/0uew_next_dist_0butn37._.js:2431
[  297731ms] [LOG] [Fast Refresh] done in 117ms @ http://localhost:3000/_next/static/chunks/0uew_next_dist_0butn37._.js:2431
[  298130ms] [LOG] [Fast Refresh] rebuilding @ http://localhost:3000/_next/static/chunks/0uew_next_dist_0butn37._.js:2431
[  298205ms] [LOG] [Fast Refresh] done in 181ms @ http://localhost:3000/_next/static/chunks/0uew_next_dist_0butn37._.js:2431
[  298310ms] [LOG] [Fast Refresh] rebuilding @ http://localhost:3000/_next/static/chunks/0uew_next_dist_0butn37._.js:2431
[  298314ms] [LOG] [Fast Refresh] done in 109ms @ http://localhost:3000/_next/static/chunks/0uew_next_dist_0butn37._.js:2431
[  298653ms] [LOG] [Fast Refresh] rebuilding @ http://localhost:3000/_next/static/chunks/0uew_next_dist_0butn37._.js:2431
[  298670ms] [LOG] [Fast Refresh] done in 119ms @ http://localhost:3000/_next/static/chunks/0uew_next_dist_0butn37._.js:2431
[  299746ms] [LOG] [Fast Refresh] rebuilding @ http://localhost:3000/_next/static/chunks/0uew_next_dist_0butn37._.js:2431
[  299750ms] [LOG] [Fast Refresh] done in 104ms @ http://localhost:3000/_next/static/chunks/0uew_next_dist_0butn37._.js:2431
[  299861ms] [LOG] [Fast Refresh] rebuilding @ http://localhost:3000/_next/static/chunks/0uew_next_dist_0butn37._.js:2431
[  299869ms] [LOG] [Fast Refresh] done in 119ms @ http://localhost:3000/_next/static/chunks/0uew_next_dist_0butn37._.js:2431
[  300181ms] [LOG] [Fast Refresh] rebuilding @ http://localhost:3000/_next/static/chunks/0uew_next_dist_0butn37._.js:2431
[  300241ms] [LOG] [Fast Refresh] done in 162ms @ http://localhost:3000/_next/static/chunks/0uew_next_dist_0butn37._.js:2431
[  300697ms] [LOG] [Fast Refresh] rebuilding @ http://localhost:3000/_next/static/chunks/0uew_next_dist_0butn37._.js:2431
[  300743ms] [LOG] [Fast Refresh] done in 154ms @ http://localhost:3000/_next/static/chunks/0uew_next_dist_0butn37._.js:2431
[  301200ms] [LOG] [Fast Refresh] rebuilding @ http://localhost:3000/_next/static/chunks/0uew_next_dist_0butn37._.js:2431
[  301242ms] [LOG] [Fast Refresh] done in 148ms @ http://localhost:3000/_next/static/chunks/0uew_next_dist_0butn37._.js:2431
[  301345ms] [LOG] [Fast Refresh] rebuilding @ http://localhost:3000/_next/static/chunks/0uew_next_dist_0butn37._.js:2431
[  301347ms] [LOG] [Fast Refresh] done in 105ms @ http://localhost:3000/_next/static/chunks/0uew_next_dist_0butn37._.js:2431
[  301725ms] [LOG] [Fast Refresh] rebuilding @ http://localhost:3000/_next/static/chunks/0uew_next_dist_0butn37._.js:2431
[  301741ms] [LOG] [Fast Refresh] done in 117ms @ http://localhost:3000/_next/static/chunks/0uew_next_dist_0butn37._.js:2431
[  302319ms] [LOG] [Fast Refresh] rebuilding @ http://localhost:3000/_next/static/chunks/0uew_next_dist_0butn37._.js:2431
[  302435ms] [LOG] [Fast Refresh] done in 219ms @ http://localhost:3000/_next/static/chunks/0uew_next_dist_0butn37._.js:2431
[  303452ms] [LOG] [Fast Refresh] rebuilding @ http://localhost:3000/_next/static/chunks/0uew_next_dist_0butn37._.js:2431
[  303509ms] [LOG] [Fast Refresh] done in 162ms @ http://localhost:3000/_next/static/chunks/0uew_next_dist_0butn37._.js:2431
[  303718ms] [LOG] [Fast Refresh] rebuilding @ http://localhost:3000/_next/static/chunks/0uew_next_dist_0butn37._.js:2431
[  303756ms] [LOG] [Fast Refresh] done in 140ms @ http://localhost:3000/_next/static/chunks/0uew_next_dist_0butn37._.js:2431
[  304479ms] [LOG] [Fast Refresh] rebuilding @ http://localhost:3000/_next/static/chunks/0uew_next_dist_0butn37._.js:2431
[  304564ms] [LOG] [Fast Refresh] done in 188ms @ http://localhost:3000/_next/static/chunks/0uew_next_dist_0butn37._.js:2431
[  305059ms] [LOG] [Fast Refresh] rebuilding @ http://localhost:3000/_next/static/chunks/0uew_next_dist_0butn37._.js:2431
[  305086ms] [LOG] [Fast Refresh] done in 128ms @ http://localhost:3000/_next/static/chunks/0uew_next_dist_0butn37._.js:2431
[  816057ms] [LOG] [Fast Refresh] rebuilding @ http://localhost:3000/_next/static/chunks/0uew_next_dist_0butn37._.js:2431
[  816059ms] [LOG] [Fast Refresh] done in 112ms @ http://localhost:3000/_next/static/chunks/0uew_next_dist_0butn37._.js:2431
[  818620ms] [LOG] [Fast Refresh] rebuilding @ http://localhost:3000/_next/static/chunks/0uew_next_dist_0butn37._.js:2431
[  818809ms] [LOG] [Fast Refresh] done in 290ms @ http://localhost:3000/_next/static/chunks/0uew_next_dist_0butn37._.js:2431
[  818918ms] [LOG] [Fast Refresh] rebuilding @ http://localhost:3000/_next/static/chunks/0uew_next_dist_0butn37._.js:2431
[  819064ms] [LOG] [Fast Refresh] done in 255ms @ http://localhost:3000/_next/static/chunks/0uew_next_dist_0butn37._.js:2431
[ 1631988ms] [LOG] [Fast Refresh] rebuilding @ http://localhost:3000/_next/static/chunks/0uew_next_dist_0butn37._.js:2431
[ 1632192ms] [LOG] [Fast Refresh] done in 47ms @ http://localhost:3000/_next/static/chunks/0uew_next_dist_0butn37._.js:2431
[ 1669203ms] [LOG] [Fast Refresh] rebuilding @ http://localhost:3000/_next/static/chunks/0uew_next_dist_0butn37._.js:2431
[ 1669468ms] [LOG] [Fast Refresh] done in 55ms @ http://localhost:3000/_next/static/chunks/0uew_next_dist_0butn37._.js:2431
[ 1669616ms] [LOG] [Fast Refresh] rebuilding @ http://localhost:3000/_next/static/chunks/0uew_next_dist_0butn37._.js:2431
[ 1669626ms] [LOG] [Fast Refresh] done in 121ms @ http://localhost:3000/_next/static/chunks/0uew_next_dist_0butn37._.js:2431
[ 1676267ms] [LOG] [Fast Refresh] rebuilding @ http://localhost:3000/_next/static/chunks/0uew_next_dist_0butn37._.js:2431
[ 1676458ms] [LOG] [Fast Refresh] done in 44ms @ http://localhost:3000/_next/static/chunks/0uew_next_dist_0butn37._.js:2431
[ 1687750ms] [LOG] [Fast Refresh] rebuilding @ http://localhost:3000/_next/static/chunks/0uew_next_dist_0butn37._.js:2431
[ 1688679ms] [LOG] [Fast Refresh] done in 775ms @ http://localhost:3000/_next/static/chunks/0uew_next_dist_0butn37._.js:2431
[ 1688849ms] [LOG] [Fast Refresh] rebuilding @ http://localhost:3000/_next/static/chunks/0uew_next_dist_0butn37._.js:2431
[ 1688866ms] [LOG] [Fast Refresh] done in 132ms @ http://localhost:3000/_next/static/chunks/0uew_next_dist_0butn37._.js:2431
[ 1688998ms] [LOG] [Fast Refresh] rebuilding @ http://localhost:3000/_next/static/chunks/0uew_next_dist_0butn37._.js:2431
[ 1689160ms] [LOG] [Fast Refresh] done in 263ms @ http://localhost:3000/_next/static/chunks/0uew_next_dist_0butn37._.js:2431
[ 1689320ms] [ERROR] IntlError: MISSING_MESSAGE: Could not resolve `capacity.overrideTitle` in messages for locale `en`.
    at getFallbackFromErrorAndNotify (http://localhost:3000/_next/static/chunks/node_modules__pnpm_0wietyk._.js:3595:23)
    at translateBaseFn (http://localhost:3000/_next/static/chunks/node_modules__pnpm_0wietyk._.js:3625:28)
    at translateFn (http://localhost:3000/_next/static/chunks/node_modules__pnpm_0wietyk._.js:3653:24)
    at OverrideForm (http://localhost:3000/_next/static/chunks/src_0a6lj79._.js:267:14)
    at Object.react_stack_bottom_frame (http://localhost:3000/_next/static/chunks/0uew_next_dist_compiled_react-dom_0j03bwz._.js:15037:24)
    at renderWithHooks (http://localhost:3000/_next/static/chunks/0uew_next_dist_compiled_react-dom_0j03bwz._.js:4620:24)
    at updateFunctionComponent (http://localhost:3000/_next/static/chunks/0uew_next_dist_compiled_react-dom_0j03bwz._.js:6081:21)
    at beginWork (http://localhost:3000/_next/static/chunks/0uew_next_dist_compiled_react-dom_0j03bwz._.js:6665:639)
    at replayBeginWork (http://localhost:3000/_next/static/chunks/0uew_next_dist_compiled_react-dom_0j03bwz._.js:9580:156)
    at runWithFiberInDEV (http://localhost:3000/_next/static/chunks/0uew_next_dist_compiled_react-dom_0j03bwz._.js:965:74)
    at replaySuspendedUnitOfWork (http://localhost:3000/_next/static/chunks/0uew_next_dist_compiled_react-dom_0j03bwz._.js:9560:20)
    at renderRootConcurrent (http://localhost:3000/_next/static/chunks/0uew_next_dist_compiled_react-dom_0j03bwz._.js:9493:141)
    at performWorkOnRoot (http://localhost:3000/_next/static/chunks/0uew_next_dist_compiled_react-dom_0j03bwz._.js:9061:150)
    at performWorkOnRootViaSchedulerTask (http://localhost:3000/_next/static/chunks/0uew_next_dist_compiled_react-dom_0j03bwz._.js:10255:9)
    at MessagePort.performWorkUntilDeadline (http://localhost:3000/_next/static/chunks/0uew_next_dist_compiled_0lpueae._.js:2647:64) @ http://localhost:3000/_next/static/chunks/0uew_next_dist_0butn37._.js:3272
[ 1689321ms] [ERROR] IntlError: MISSING_MESSAGE: Could not resolve `capacity.overrideDate` in messages for locale `en`.
    at getFallbackFromErrorAndNotify (http://localhost:3000/_next/static/chunks/node_modules__pnpm_0wietyk._.js:3595:23)
    at translateBaseFn (http://localhost:3000/_next/static/chunks/node_modules__pnpm_0wietyk._.js:3625:28)
    at translateFn (http://localhost:3000/_next/static/chunks/node_modules__pnpm_0wietyk._.js:3653:24)
    at OverrideForm (http://localhost:3000/_next/static/chunks/src_0a6lj79._.js:290:14)
    at Object.react_stack_bottom_frame (http://localhost:3000/_next/static/chunks/0uew_next_dist_compiled_react-dom_0j03bwz._.js:15037:24)
    at renderWithHooks (http://localhost:3000/_next/static/chunks/0uew_next_dist_compiled_react-dom_0j03bwz._.js:4620:24)
    at updateFunctionComponent (http://localhost:3000/_next/static/chunks/0uew_next_dist_compiled_react-dom_0j03bwz._.js:6081:21)
    at beginWork (http://localhost:3000/_next/static/chunks/0uew_next_dist_compiled_react-dom_0j03bwz._.js:6665:639)
    at replayBeginWork (http://localhost:3000/_next/static/chunks/0uew_next_dist_compiled_react-dom_0j03bwz._.js:9580:156)
    at runWithFiberInDEV (http://localhost:3000/_next/static/chunks/0uew_next_dist_compiled_react-dom_0j03bwz._.js:965:74)
    at replaySuspendedUnitOfWork (http://localhost:3000/_next/static/chunks/0uew_next_dist_compiled_react-dom_0j03bwz._.js:9560:20)
    at renderRootConcurrent (http://localhost:3000/_next/static/chunks/0uew_next_dist_compiled_react-dom_0j03bwz._.js:9493:141)
    at performWorkOnRoot (http://localhost:3000/_next/static/chunks/0uew_next_dist_compiled_react-dom_0j03bwz._.js:9061:150)
    at performWorkOnRootViaSchedulerTask (http://localhost:3000/_next/static/chunks/0uew_next_dist_compiled_react-dom_0j03bwz._.js:10255:9)
    at MessagePort.performWorkUntilDeadline (http://localhost:3000/_next/static/chunks/0uew_next_dist_compiled_0lpueae._.js:2647:64) @ http://localhost:3000/_next/static/chunks/0uew_next_dist_0butn37._.js:3272
[ 1689321ms] [ERROR] IntlError: MISSING_MESSAGE: Could not resolve `capacity.overrideBand` in messages for locale `en`.
    at getFallbackFromErrorAndNotify (http://localhost:3000/_next/static/chunks/node_modules__pnpm_0wietyk._.js:3595:23)
    at translateBaseFn (http://localhost:3000/_next/static/chunks/node_modules__pnpm_0wietyk._.js:3625:28)
    at translateFn (http://localhost:3000/_next/static/chunks/node_modules__pnpm_0wietyk._.js:3653:24)
    at OverrideForm (http://localhost:3000/_next/static/chunks/src_0a6lj79._.js:332:14)
    at Object.react_stack_bottom_frame (http://localhost:3000/_next/static/chunks/0uew_next_dist_compiled_react-dom_0j03bwz._.js:15037:24)
    at renderWithHooks (http://localhost:3000/_next/static/chunks/0uew_next_dist_compiled_react-dom_0j03bwz._.js:4620:24)
    at updateFunctionComponent (http://localhost:3000/_next/static/chunks/0uew_next_dist_compiled_react-dom_0j03bwz._.js:6081:21)
    at beginWork (http://localhost:3000/_next/static/chunks/0uew_next_dist_compiled_react-dom_0j03bwz._.js:6665:639)
    at replayBeginWork (http://localhost:3000/_next/static/chunks/0uew_next_dist_compiled_react-dom_0j03bwz._.js:9580:156)
    at runWithFiberInDEV (http://localhost:3000/_next/static/chunks/0uew_next_dist_compiled_react-dom_0j03bwz._.js:965:74)
    at replaySuspendedUnitOfWork (http://localhost:3000/_next/static/chunks/0uew_next_dist_compiled_react-dom_0j03bwz._.js:9560:20)
    at renderRootConcurrent (http://localhost:3000/_next/static/chunks/0uew_next_dist_compiled_react-dom_0j03bwz._.js:9493:141)
    at performWorkOnRoot (http://localhost:3000/_next/static/chunks/0uew_next_dist_compiled_react-dom_0j03bwz._.js:9061:150)
    at performWorkOnRootViaSchedulerTask (http://localhost:3000/_next/static/chunks/0uew_next_dist_compiled_react-dom_0j03bwz._.js:10255:9)
    at MessagePort.performWorkUntilDeadline (http://localhost:3000/_next/static/chunks/0uew_next_dist_compiled_0lpueae._.js:2647:64) @ http://localhost:3000/_next/static/chunks/0uew_next_dist_0butn37._.js:3272
[ 1689322ms] [ERROR] IntlError: MISSING_MESSAGE: Could not resolve `capacity.overrideReason` in messages for locale `en`.
    at getFallbackFromErrorAndNotify (http://localhost:3000/_next/static/chunks/node_modules__pnpm_0wietyk._.js:3595:23)
    at translateBaseFn (http://localhost:3000/_next/static/chunks/node_modules__pnpm_0wietyk._.js:3625:28)
    at translateFn (http://localhost:3000/_next/static/chunks/node_modules__pnpm_0wietyk._.js:3653:24)
    at OverrideForm (http://localhost:3000/_next/static/chunks/src_0a6lj79._.js:393:15)
    at Object.react_stack_bottom_frame (http://localhost:3000/_next/static/chunks/0uew_next_dist_compiled_react-dom_0j03bwz._.js:15037:24)
    at renderWithHooks (http://localhost:3000/_next/static/chunks/0uew_next_dist_compiled_react-dom_0j03bwz._.js:4620:24)
    at updateFunctionComponent (http://localhost:3000/_next/static/chunks/0uew_next_dist_compiled_react-dom_0j03bwz._.js:6081:21)
    at beginWork (http://localhost:3000/_next/static/chunks/0uew_next_dist_compiled_react-dom_0j03bwz._.js:6665:639)
    at replayBeginWork (http://localhost:3000/_next/static/chunks/0uew_next_dist_compiled_react-dom_0j03bwz._.js:9580:156)
    at runWithFiberInDEV (http://localhost:3000/_next/static/chunks/0uew_next_dist_compiled_react-dom_0j03bwz._.js:965:74)
    at replaySuspendedUnitOfWork (http://localhost:3000/_next/static/chunks/0uew_next_dist_compiled_react-dom_0j03bwz._.js:9560:20)
    at renderRootConcurrent (http://localhost:3000/_next/static/chunks/0uew_next_dist_compiled_react-dom_0j03bwz._.js:9493:141)
    at performWorkOnRoot (http://localhost:3000/_next/static/chunks/0uew_next_dist_compiled_react-dom_0j03bwz._.js:9061:150)
    at performWorkOnRootViaSchedulerTask (http://localhost:3000/_next/static/chunks/0uew_next_dist_compiled_react-dom_0j03bwz._.js:10255:9)
    at MessagePort.performWorkUntilDeadline (http://localhost:3000/_next/static/chunks/0uew_next_dist_compiled_0lpueae._.js:2647:64) @ http://localhost:3000/_next/static/chunks/0uew_next_dist_0butn37._.js:3272
[ 1689322ms] [ERROR] IntlError: MISSING_MESSAGE: Could not resolve `capacity.overrideReasonPlaceholder` in messages for locale `en`.
    at getFallbackFromErrorAndNotify (http://localhost:3000/_next/static/chunks/node_modules__pnpm_0wietyk._.js:3595:23)
    at translateBaseFn (http://localhost:3000/_next/static/chunks/node_modules__pnpm_0wietyk._.js:3625:28)
    at translateFn (http://localhost:3000/_next/static/chunks/node_modules__pnpm_0wietyk._.js:3653:24)
    at OverrideForm (http://localhost:3000/_next/static/chunks/src_0a6lj79._.js:401:15)
    at Object.react_stack_bottom_frame (http://localhost:3000/_next/static/chunks/0uew_next_dist_compiled_react-dom_0j03bwz._.js:15037:24)
    at renderWithHooks (http://localhost:3000/_next/static/chunks/0uew_next_dist_compiled_react-dom_0j03bwz._.js:4620:24)
    at updateFunctionComponent (http://localhost:3000/_next/static/chunks/0uew_next_dist_compiled_react-dom_0j03bwz._.js:6081:21)
    at beginWork (http://localhost:3000/_next/static/chunks/0uew_next_dist_compiled_react-dom_0j03bwz._.js:6665:639)
    at replayBeginWork (http://localhost:3000/_next/static/chunks/0uew_next_dist_compiled_react-dom_0j03bwz._.js:9580:156)
    at runWithFiberInDEV (http://localhost:3000/_next/static/chunks/0uew_next_dist_compiled_react-dom_0j03bwz._.js:965:74)
    at replaySuspendedUnitOfWork (http://localhost:3000/_next/static/chunks/0uew_next_dist_compiled_react-dom_0j03bwz._.js:9560:20)
    at renderRootConcurrent (http://localhost:3000/_next/static/chunks/0uew_next_dist_compiled_react-dom_0j03bwz._.js:9493:141)
    at performWorkOnRoot (http://localhost:3000/_next/static/chunks/0uew_next_dist_compiled_react-dom_0j03bwz._.js:9061:150)
    at performWorkOnRootViaSchedulerTask (http://localhost:3000/_next/static/chunks/0uew_next_dist_compiled_react-dom_0j03bwz._.js:10255:9)
    at MessagePort.performWorkUntilDeadline (http://localhost:3000/_next/static/chunks/0uew_next_dist_compiled_0lpueae._.js:2647:64) @ http://localhost:3000/_next/static/chunks/0uew_next_dist_0butn37._.js:3272
[ 1689324ms] [ERROR] IntlError: MISSING_MESSAGE: Could not resolve `capacity.overrideApply` in messages for locale `en`.
    at getFallbackFromErrorAndNotify (http://localhost:3000/_next/static/chunks/node_modules__pnpm_0wietyk._.js:3595:23)
    at translateBaseFn (http://localhost:3000/_next/static/chunks/node_modules__pnpm_0wietyk._.js:3625:28)
    at translateFn (http://localhost:3000/_next/static/chunks/node_modules__pnpm_0wietyk._.js:3653:24)
    at OverrideForm (http://localhost:3000/_next/static/chunks/src_0a6lj79._.js:448:41)
    at Object.react_stack_bottom_frame (http://localhost:3000/_next/static/chunks/0uew_next_dist_compiled_react-dom_0j03bwz._.js:15037:24)
    at renderWithHooks (http://localhost:3000/_next/static/chunks/0uew_next_dist_compiled_react-dom_0j03bwz._.js:4620:24)
    at updateFunctionComponent (http://localhost:3000/_next/static/chunks/0uew_next_dist_compiled_react-dom_0j03bwz._.js:6081:21)
    at beginWork (http://localhost:3000/_next/static/chunks/0uew_next_dist_compiled_react-dom_0j03bwz._.js:6665:639)
    at replayBeginWork (http://localhost:3000/_next/static/chunks/0uew_next_dist_compiled_react-dom_0j03bwz._.js:9580:156)
    at runWithFiberInDEV (http://localhost:3000/_next/static/chunks/0uew_next_dist_compiled_react-dom_0j03bwz._.js:965:74)
    at replaySuspendedUnitOfWork (http://localhost:3000/_next/static/chunks/0uew_next_dist_compiled_react-dom_0j03bwz._.js:9560:20)
    at renderRootConcurrent (http://localhost:3000/_next/static/chunks/0uew_next_dist_compiled_react-dom_0j03bwz._.js:9493:141)
    at performWorkOnRoot (http://localhost:3000/_next/static/chunks/0uew_next_dist_compiled_react-dom_0j03bwz._.js:9061:150)
    at performWorkOnRootViaSchedulerTask (http://localhost:3000/_next/static/chunks/0uew_next_dist_compiled_react-dom_0j03bwz._.js:10255:9)
    at MessagePort.performWorkUntilDeadline (http://localhost:3000/_next/static/chunks/0uew_next_dist_compiled_0lpueae._.js:2647:64) @ http://localhost:3000/_next/static/chunks/0uew_next_dist_0butn37._.js:3272
[ 1695894ms] [LOG] [Fast Refresh] rebuilding @ http://localhost:3000/_next/static/chunks/0uew_next_dist_0butn37._.js:2431
[ 1696186ms] [LOG] [Fast Refresh] done in 36ms @ http://localhost:3000/_next/static/chunks/0uew_next_dist_0butn37._.js:2431
[ 1696448ms] [LOG] [Fast Refresh] rebuilding @ http://localhost:3000/_next/static/chunks/0uew_next_dist_0butn37._.js:2431
[ 1696658ms] [LOG] [Fast Refresh] done in 313ms @ http://localhost:3000/_next/static/chunks/0uew_next_dist_0butn37._.js:2431
[ 1737400ms] [LOG] [Fast Refresh] rebuilding @ http://localhost:3000/_next/static/chunks/0uew_next_dist_0butn37._.js:2431
[ 1737873ms] [LOG] [Fast Refresh] done in 258ms @ http://localhost:3000/_next/static/chunks/0uew_next_dist_0butn37._.js:2431
