[     181ms] [INFO] %cDownload the React DevTools for a better development experience: https://react.dev/link/react-devtools font-weight:bold @ http://localhost:3000/_next/static/chunks/0uew_next_dist_0butn37._.js:2431
[     254ms] [LOG] [HMR] connected @ http://localhost:3000/_next/static/chunks/0uew_next_dist_0butn37._.js:2431
[     313ms] [ERROR] Failed to load resource: the server responded with a status of 404 (Not Found) @ http://localhost:3000/favicon.ico:0
[  809582ms] [LOG] [Fast Refresh] rebuilding @ http://localhost:3000/_next/static/chunks/0uew_next_dist_0butn37._.js:2431
[  810312ms] [LOG] [Fast Refresh] done in 681ms @ http://localhost:3000/_next/static/chunks/0uew_next_dist_0butn37._.js:2431
[  810440ms] [LOG] [Fast Refresh] rebuilding @ http://localhost:3000/_next/static/chunks/0uew_next_dist_0butn37._.js:2431
[  810533ms] [LOG] [Fast Refresh] done in 202ms @ http://localhost:3000/_next/static/chunks/0uew_next_dist_0butn37._.js:2431
[ 1172038ms] [LOG] [Fast Refresh] rebuilding @ http://localhost:3000/_next/static/chunks/0uew_next_dist_0butn37._.js:2431
[ 1172039ms] [LOG] [Fast Refresh] done in 105ms @ http://localhost:3000/_next/static/chunks/0uew_next_dist_0butn37._.js:2431
[ 1180252ms] [LOG] [Fast Refresh] rebuilding @ http://localhost:3000/_next/static/chunks/0uew_next_dist_0butn37._.js:2431
[ 1180252ms] [LOG] [Fast Refresh] done in 105ms @ http://localhost:3000/_next/static/chunks/0uew_next_dist_0butn37._.js:2431
[ 1212611ms] [LOG] [Fast Refresh] rebuilding @ http://localhost:3000/_next/static/chunks/0uew_next_dist_0butn37._.js:2431
[ 1212928ms] [LOG] [Fast Refresh] done in 362ms @ http://localhost:3000/_next/static/chunks/0uew_next_dist_0butn37._.js:2431
[ 1213136ms] [LOG] [Fast Refresh] rebuilding @ http://localhost:3000/_next/static/chunks/0uew_next_dist_0butn37._.js:2431
[ 1213314ms] [LOG] [Fast Refresh] done in 283ms @ http://localhost:3000/_next/static/chunks/0uew_next_dist_0butn37._.js:2431
[ 1213565ms] [LOG] [Fast Refresh] rebuilding @ http://localhost:3000/_next/static/chunks/0uew_next_dist_0butn37._.js:2431
[ 1213595ms] [LOG] [Fast Refresh] done in 136ms @ http://localhost:3000/_next/static/chunks/0uew_next_dist_0butn37._.js:2431
[ 1213780ms] [LOG] [Fast Refresh] rebuilding @ http://localhost:3000/_next/static/chunks/0uew_next_dist_0butn37._.js:2431
[ 1213794ms] [LOG] [Fast Refresh] done in 116ms @ http://localhost:3000/_next/static/chunks/0uew_next_dist_0butn37._.js:2431
[ 1213921ms] [LOG] [Fast Refresh] rebuilding @ http://localhost:3000/_next/static/chunks/0uew_next_dist_0butn37._.js:2431
[ 1213944ms] [LOG] [Fast Refresh] done in 127ms @ http://localhost:3000/_next/static/chunks/0uew_next_dist_0butn37._.js:2431
[ 1214059ms] [LOG] [Fast Refresh] rebuilding @ http://localhost:3000/_next/static/chunks/0uew_next_dist_0butn37._.js:2431
[ 1214403ms] [LOG] [Fast Refresh] done in 444ms @ http://localhost:3000/_next/static/chunks/0uew_next_dist_0butn37._.js:2431
[ 1214569ms] [LOG] [Fast Refresh] rebuilding @ http://localhost:3000/_next/static/chunks/0uew_next_dist_0butn37._.js:2431
[ 1214572ms] [LOG] [Fast Refresh] done in 117ms @ http://localhost:3000/_next/static/chunks/0uew_next_dist_0butn37._.js:2431
[ 1214736ms] [LOG] [Fast Refresh] rebuilding @ http://localhost:3000/_next/static/chunks/0uew_next_dist_0butn37._.js:2431
[ 1214772ms] [LOG] [Fast Refresh] done in 146ms @ http://localhost:3000/_next/static/chunks/0uew_next_dist_0butn37._.js:2431
[ 1214921ms] [LOG] [Fast Refresh] rebuilding @ http://localhost:3000/_next/static/chunks/0uew_next_dist_0butn37._.js:2431
[ 1214933ms] [LOG] [Fast Refresh] done in 123ms @ http://localhost:3000/_next/static/chunks/0uew_next_dist_0butn37._.js:2431
[ 1215047ms] [LOG] [Fast Refresh] rebuilding @ http://localhost:3000/_next/static/chunks/0uew_next_dist_0butn37._.js:2431
[ 1215273ms] [LOG] [Fast Refresh] done in 332ms @ http://localhost:3000/_next/static/chunks/0uew_next_dist_0butn37._.js:2431
[ 1215559ms] [LOG] [Fast Refresh] rebuilding @ http://localhost:3000/_next/static/chunks/0uew_next_dist_0butn37._.js:2431
[ 1215608ms] [LOG] [Fast Refresh] done in 155ms @ http://localhost:3000/_next/static/chunks/0uew_next_dist_0butn37._.js:2431
[ 1215881ms] [LOG] [Fast Refresh] rebuilding @ http://localhost:3000/_next/static/chunks/0uew_next_dist_0butn37._.js:2431
[ 1215912ms] [LOG] [Fast Refresh] done in 130ms @ http://localhost:3000/_next/static/chunks/0uew_next_dist_0butn37._.js:2431
[ 1216018ms] [LOG] [Fast Refresh] rebuilding @ http://localhost:3000/_next/static/chunks/0uew_next_dist_0butn37._.js:2431
[ 1216114ms] [LOG] [Fast Refresh] done in 201ms @ http://localhost:3000/_next/static/chunks/0uew_next_dist_0butn37._.js:2431
[ 1216511ms] [LOG] [Fast Refresh] rebuilding @ http://localhost:3000/_next/static/chunks/0uew_next_dist_0butn37._.js:2431
[ 1216572ms] [LOG] [Fast Refresh] done in 162ms @ http://localhost:3000/_next/static/chunks/0uew_next_dist_0butn37._.js:2431
[ 1216736ms] [LOG] [Fast Refresh] rebuilding @ http://localhost:3000/_next/static/chunks/0uew_next_dist_0butn37._.js:2431
[ 1216773ms] [LOG] [Fast Refresh] done in 139ms @ http://localhost:3000/_next/static/chunks/0uew_next_dist_0butn37._.js:2431
[ 1216898ms] [LOG] [Fast Refresh] rebuilding @ http://localhost:3000/_next/static/chunks/0uew_next_dist_0butn37._.js:2431
[ 1216947ms] [LOG] [Fast Refresh] done in 155ms @ http://localhost:3000/_next/static/chunks/0uew_next_dist_0butn37._.js:2431
[ 1217050ms] [LOG] [Fast Refresh] rebuilding @ http://localhost:3000/_next/static/chunks/0uew_next_dist_0butn37._.js:2431
[ 1217315ms] [LOG] [Fast Refresh] done in 368ms @ http://localhost:3000/_next/static/chunks/0uew_next_dist_0butn37._.js:2431
[ 1217647ms] [LOG] [Fast Refresh] rebuilding @ http://localhost:3000/_next/static/chunks/0uew_next_dist_0butn37._.js:2431
[ 1217712ms] [LOG] [Fast Refresh] done in 168ms @ http://localhost:3000/_next/static/chunks/0uew_next_dist_0butn37._.js:2431
[ 1217862ms] [LOG] [Fast Refresh] rebuilding @ http://localhost:3000/_next/static/chunks/0uew_next_dist_0butn37._.js:2431
[ 1217906ms] [LOG] [Fast Refresh] done in 145ms @ http://localhost:3000/_next/static/chunks/0uew_next_dist_0butn37._.js:2431
[ 1218030ms] [LOG] [Fast Refresh] rebuilding @ http://localhost:3000/_next/static/chunks/0uew_next_dist_0butn37._.js:2431
[ 1218042ms] [LOG] [Fast Refresh] done in 114ms @ http://localhost:3000/_next/static/chunks/0uew_next_dist_0butn37._.js:2431
[ 1218152ms] [LOG] [Fast Refresh] rebuilding @ http://localhost:3000/_next/static/chunks/0uew_next_dist_0butn37._.js:2431
[ 1218275ms] [LOG] [Fast Refresh] done in 223ms @ http://localhost:3000/_next/static/chunks/0uew_next_dist_0butn37._.js:2431
[ 1218717ms] [LOG] [Fast Refresh] rebuilding @ http://localhost:3000/_next/static/chunks/0uew_next_dist_0butn37._.js:2431
[ 1218776ms] [LOG] [Fast Refresh] done in 170ms @ http://localhost:3000/_next/static/chunks/0uew_next_dist_0butn37._.js:2431
[ 1218932ms] [LOG] [Fast Refresh] rebuilding @ http://localhost:3000/_next/static/chunks/0uew_next_dist_0butn37._.js:2431
[ 1218933ms] [LOG] [Fast Refresh] done in 104ms @ http://localhost:3000/_next/static/chunks/0uew_next_dist_0butn37._.js:2431
[ 1219162ms] [LOG] [Fast Refresh] rebuilding @ http://localhost:3000/_next/static/chunks/0uew_next_dist_0butn37._.js:2431
[ 1219269ms] [LOG] [Fast Refresh] done in 210ms @ http://localhost:3000/_next/static/chunks/0uew_next_dist_0butn37._.js:2431
[ 1219619ms] [LOG] [Fast Refresh] rebuilding @ http://localhost:3000/_next/static/chunks/0uew_next_dist_0butn37._.js:2431
[ 1219682ms] [LOG] [Fast Refresh] done in 165ms @ http://localhost:3000/_next/static/chunks/0uew_next_dist_0butn37._.js:2431
[ 1219928ms] [LOG] [Fast Refresh] rebuilding @ http://localhost:3000/_next/static/chunks/0uew_next_dist_0butn37._.js:2431
[ 1219949ms] [LOG] [Fast Refresh] done in 124ms @ http://localhost:3000/_next/static/chunks/0uew_next_dist_0butn37._.js:2431
[ 1220080ms] [LOG] [Fast Refresh] rebuilding @ http://localhost:3000/_next/static/chunks/0uew_next_dist_0butn37._.js:2431
[ 1220205ms] [LOG] [Fast Refresh] done in 231ms @ http://localhost:3000/_next/static/chunks/0uew_next_dist_0butn37._.js:2431
[ 1220447ms] [LOG] [Fast Refresh] rebuilding @ http://localhost:3000/_next/static/chunks/0uew_next_dist_0butn37._.js:2431
[ 1220459ms] [LOG] [Fast Refresh] done in 113ms @ http://localhost:3000/_next/static/chunks/0uew_next_dist_0butn37._.js:2431
[ 1220601ms] [LOG] [Fast Refresh] rebuilding @ http://localhost:3000/_next/static/chunks/0uew_next_dist_0butn37._.js:2431
[ 1220661ms] [LOG] [Fast Refresh] done in 161ms @ http://localhost:3000/_next/static/chunks/0uew_next_dist_0butn37._.js:2431
[ 1220790ms] [LOG] [Fast Refresh] rebuilding @ http://localhost:3000/_next/static/chunks/0uew_next_dist_0butn37._.js:2431
[ 1220843ms] [LOG] [Fast Refresh] done in 153ms @ http://localhost:3000/_next/static/chunks/0uew_next_dist_0butn37._.js:2431
[ 1220952ms] [LOG] [Fast Refresh] rebuilding @ http://localhost:3000/_next/static/chunks/0uew_next_dist_0butn37._.js:2431
[ 1221171ms] [LOG] [Fast Refresh] done in 321ms @ http://localhost:3000/_next/static/chunks/0uew_next_dist_0butn37._.js:2431
[ 1221469ms] [LOG] [Fast Refresh] rebuilding @ http://localhost:3000/_next/static/chunks/0uew_next_dist_0butn37._.js:2431
[ 1221509ms] [LOG] [Fast Refresh] done in 144ms @ http://localhost:3000/_next/static/chunks/0uew_next_dist_0butn37._.js:2431
[ 1221670ms] [LOG] [Fast Refresh] rebuilding @ http://localhost:3000/_next/static/chunks/0uew_next_dist_0butn37._.js:2431
[ 1221719ms] [LOG] [Fast Refresh] done in 152ms @ http://localhost:3000/_next/static/chunks/0uew_next_dist_0butn37._.js:2431
[ 1221842ms] [LOG] [Fast Refresh] rebuilding @ http://localhost:3000/_next/static/chunks/0uew_next_dist_0butn37._.js:2431
[ 1221885ms] [LOG] [Fast Refresh] done in 143ms @ http://localhost:3000/_next/static/chunks/0uew_next_dist_0butn37._.js:2431
[ 1221994ms] [LOG] [Fast Refresh] rebuilding @ http://localhost:3000/_next/static/chunks/0uew_next_dist_0butn37._.js:2431
[ 1222219ms] [LOG] [Fast Refresh] done in 326ms @ http://localhost:3000/_next/static/chunks/0uew_next_dist_0butn37._.js:2431
[ 1222519ms] [LOG] [Fast Refresh] rebuilding @ http://localhost:3000/_next/static/chunks/0uew_next_dist_0butn37._.js:2431
[ 1222552ms] [LOG] [Fast Refresh] done in 137ms @ http://localhost:3000/_next/static/chunks/0uew_next_dist_0butn37._.js:2431
[ 1222686ms] [LOG] [Fast Refresh] rebuilding @ http://localhost:3000/_next/static/chunks/0uew_next_dist_0butn37._.js:2431
[ 1222713ms] [LOG] [Fast Refresh] done in 128ms @ http://localhost:3000/_next/static/chunks/0uew_next_dist_0butn37._.js:2431
[ 1222851ms] [LOG] [Fast Refresh] rebuilding @ http://localhost:3000/_next/static/chunks/0uew_next_dist_0butn37._.js:2431
[ 1222910ms] [LOG] [Fast Refresh] done in 171ms @ http://localhost:3000/_next/static/chunks/0uew_next_dist_0butn37._.js:2431
[ 1223018ms] [LOG] [Fast Refresh] rebuilding @ http://localhost:3000/_next/static/chunks/0uew_next_dist_0butn37._.js:2431
[ 1223263ms] [LOG] [Fast Refresh] done in 353ms @ http://localhost:3000/_next/static/chunks/0uew_next_dist_0butn37._.js:2431
[ 1223553ms] [LOG] [Fast Refresh] rebuilding @ http://localhost:3000/_next/static/chunks/0uew_next_dist_0butn37._.js:2431
[ 1223577ms] [LOG] [Fast Refresh] done in 128ms @ http://localhost:3000/_next/static/chunks/0uew_next_dist_0butn37._.js:2431
[ 1223698ms] [LOG] [Fast Refresh] rebuilding @ http://localhost:3000/_next/static/chunks/0uew_next_dist_0butn37._.js:2431
[ 1223698ms] [LOG] [Fast Refresh] done in 104ms @ http://localhost:3000/_next/static/chunks/0uew_next_dist_0butn37._.js:2431
[ 1223819ms] [LOG] [Fast Refresh] rebuilding @ http://localhost:3000/_next/static/chunks/0uew_next_dist_0butn37._.js:2431
[ 1223884ms] [LOG] [Fast Refresh] done in 171ms @ http://localhost:3000/_next/static/chunks/0uew_next_dist_0butn37._.js:2431
[ 1223985ms] [LOG] [Fast Refresh] rebuilding @ http://localhost:3000/_next/static/chunks/0uew_next_dist_0butn37._.js:2431
[ 1224019ms] [LOG] [Fast Refresh] done in 135ms @ http://localhost:3000/_next/static/chunks/0uew_next_dist_0butn37._.js:2431
[ 1224517ms] [LOG] [Fast Refresh] rebuilding @ http://localhost:3000/_next/static/chunks/0uew_next_dist_0butn37._.js:2431
[ 1224560ms] [LOG] [Fast Refresh] done in 147ms @ http://localhost:3000/_next/static/chunks/0uew_next_dist_0butn37._.js:2431
[ 1224686ms] [LOG] [Fast Refresh] rebuilding @ http://localhost:3000/_next/static/chunks/0uew_next_dist_0butn37._.js:2431
[ 1224745ms] [LOG] [Fast Refresh] done in 160ms @ http://localhost:3000/_next/static/chunks/0uew_next_dist_0butn37._.js:2431
[ 1224855ms] [LOG] [Fast Refresh] rebuilding @ http://localhost:3000/_next/static/chunks/0uew_next_dist_0butn37._.js:2431
[ 1224932ms] [LOG] [Fast Refresh] done in 177ms @ http://localhost:3000/_next/static/chunks/0uew_next_dist_0butn37._.js:2431
[ 1225035ms] [LOG] [Fast Refresh] rebuilding @ http://localhost:3000/_next/static/chunks/0uew_next_dist_0butn37._.js:2431
[ 1225293ms] [LOG] [Fast Refresh] done in 361ms @ http://localhost:3000/_next/static/chunks/0uew_next_dist_0butn37._.js:2431
[ 1225436ms] [LOG] [Fast Refresh] rebuilding @ http://localhost:3000/_next/static/chunks/0uew_next_dist_0butn37._.js:2431
[ 1225456ms] [LOG] [Fast Refresh] done in 128ms @ http://localhost:3000/_next/static/chunks/0uew_next_dist_0butn37._.js:2431
[ 1225576ms] [LOG] [Fast Refresh] rebuilding @ http://localhost:3000/_next/static/chunks/0uew_next_dist_0butn37._.js:2431
[ 1225579ms] [LOG] [Fast Refresh] done in 109ms @ http://localhost:3000/_next/static/chunks/0uew_next_dist_0butn37._.js:2431
[ 1225729ms] [LOG] [Fast Refresh] rebuilding @ http://localhost:3000/_next/static/chunks/0uew_next_dist_0butn37._.js:2431
[ 1225732ms] [LOG] [Fast Refresh] done in 104ms @ http://localhost:3000/_next/static/chunks/0uew_next_dist_0butn37._.js:2431
[ 1225867ms] [LOG] [Fast Refresh] rebuilding @ http://localhost:3000/_next/static/chunks/0uew_next_dist_0butn37._.js:2431
[ 1225897ms] [LOG] [Fast Refresh] done in 142ms @ http://localhost:3000/_next/static/chunks/0uew_next_dist_0butn37._.js:2431
[ 1226019ms] [LOG] [Fast Refresh] rebuilding @ http://localhost:3000/_next/static/chunks/0uew_next_dist_0butn37._.js:2431
[ 1226230ms] [LOG] [Fast Refresh] done in 325ms @ http://localhost:3000/_next/static/chunks/0uew_next_dist_0butn37._.js:2431
[ 1226335ms] [LOG] [Fast Refresh] rebuilding @ http://localhost:3000/_next/static/chunks/0uew_next_dist_0butn37._.js:2431
[ 1226382ms] [LOG] [Fast Refresh] done in 153ms @ http://localhost:3000/_next/static/chunks/0uew_next_dist_0butn37._.js:2431
[ 1226519ms] [LOG] [Fast Refresh] rebuilding @ http://localhost:3000/_next/static/chunks/0uew_next_dist_0butn37._.js:2431
[ 1226599ms] [LOG] [Fast Refresh] done in 184ms @ http://localhost:3000/_next/static/chunks/0uew_next_dist_0butn37._.js:2431
[ 1226740ms] [LOG] [Fast Refresh] rebuilding @ http://localhost:3000/_next/static/chunks/0uew_next_dist_0butn37._.js:2431
[ 1226748ms] [LOG] [Fast Refresh] done in 109ms @ http://localhost:3000/_next/static/chunks/0uew_next_dist_0butn37._.js:2431
[ 1226878ms] [LOG] [Fast Refresh] rebuilding @ http://localhost:3000/_next/static/chunks/0uew_next_dist_0butn37._.js:2431
[ 1226992ms] [LOG] [Fast Refresh] done in 221ms @ http://localhost:3000/_next/static/chunks/0uew_next_dist_0butn37._.js:2431
[ 1227102ms] [LOG] [Fast Refresh] rebuilding @ http://localhost:3000/_next/static/chunks/0uew_next_dist_0butn37._.js:2431
[ 1227182ms] [LOG] [Fast Refresh] done in 181ms @ http://localhost:3000/_next/static/chunks/0uew_next_dist_0butn37._.js:2431
[ 1227453ms] [LOG] [Fast Refresh] rebuilding @ http://localhost:3000/_next/static/chunks/0uew_next_dist_0butn37._.js:2431
[ 1227471ms] [LOG] [Fast Refresh] done in 120ms @ http://localhost:3000/_next/static/chunks/0uew_next_dist_0butn37._.js:2431
[ 1227603ms] [LOG] [Fast Refresh] rebuilding @ http://localhost:3000/_next/static/chunks/0uew_next_dist_0butn37._.js:2431
[ 1227661ms] [LOG] [Fast Refresh] done in 159ms @ http://localhost:3000/_next/static/chunks/0uew_next_dist_0butn37._.js:2431
[ 1227786ms] [LOG] [Fast Refresh] rebuilding @ http://localhost:3000/_next/static/chunks/0uew_next_dist_0butn37._.js:2431
[ 1227809ms] [LOG] [Fast Refresh] done in 136ms @ http://localhost:3000/_next/static/chunks/0uew_next_dist_0butn37._.js:2431
[ 1243037ms] [LOG] [Fast Refresh] rebuilding @ http://localhost:3000/_next/static/chunks/0uew_next_dist_0butn37._.js:2431
[ 1243389ms] [LOG] [Fast Refresh] done in 46ms @ http://localhost:3000/_next/static/chunks/0uew_next_dist_0butn37._.js:2431
[ 1243395ms] [ERROR] %c%s%c background: #e6e6e6;background: light-dark(rgba(0,0,0,0.1), rgba(255,255,255,0.25));color: #000000;color: light-dark(#000000, #ffffff);border-radius: 2px  Server   Error: MISSING_MESSAGE: Could not resolve `nav.reports` in messages for locale `en`.
    at DashboardLayout (about://React/Server/D:%5CPainless-CRM%5Cpainless-crm%5C.next%5Cdev%5Cserver%5Cchunks%5Cssr%5Csrc_0iqh~rd._.js?136:479:55)
    at resolveErrorDev (http://localhost:3000/_next/static/chunks/0uew_next_dist_compiled_react-server-dom-turbopack_0q_-9lz._.js:1919:105)
    at getOutlinedModel (http://localhost:3000/_next/static/chunks/0uew_next_dist_compiled_react-server-dom-turbopack_0q_-9lz._.js:1469:28)
    at parseModelString (http://localhost:3000/_next/static/chunks/0uew_next_dist_compiled_react-server-dom-turbopack_0q_-9lz._.js:1584:50)
    at reviveModel (http://localhost:3000/_next/static/chunks/0uew_next_dist_compiled_react-server-dom-turbopack_0q_-9lz._.js:2522:66)
    at parseModel (http://localhost:3000/_next/static/chunks/0uew_next_dist_compiled_react-server-dom-turbopack_0q_-9lz._.js:2517:16)
    at initializeModelChunk (http://localhost:3000/_next/static/chunks/0uew_next_dist_compiled_react-server-dom-turbopack_0q_-9lz._.js:1084:25)
    at getOutlinedModel (http://localhost:3000/_next/static/chunks/0uew_next_dist_compiled_react-server-dom-turbopack_0q_-9lz._.js:1407:17)
    at parseModelString (http://localhost:3000/_next/static/chunks/0uew_next_dist_compiled_react-server-dom-turbopack_0q_-9lz._.js:1639:50)
    at reviveModel (http://localhost:3000/_next/static/chunks/0uew_next_dist_compiled_react-server-dom-turbopack_0q_-9lz._.js:2522:66)
    at reviveModel (http://localhost:3000/_next/static/chunks/0uew_next_dist_compiled_react-server-dom-turbopack_0q_-9lz._.js:2525:61)
    at parseModel (http://localhost:3000/_next/static/chunks/0uew_next_dist_compiled_react-server-dom-turbopack_0q_-9lz._.js:2517:16)
    at initializeModelChunk (http://localhost:3000/_next/static/chunks/0uew_next_dist_compiled_react-server-dom-turbopack_0q_-9lz._.js:1084:25)
    at resolveConsoleEntry (http://localhost:3000/_next/static/chunks/0uew_next_dist_compiled_react-server-dom-turbopack_0q_-9lz._.js:2047:96)
    at processFullStringRow (http://localhost:3000/_next/static/chunks/0uew_next_dist_compiled_react-server-dom-turbopack_0q_-9lz._.js:2453:17)
    at processFullBinaryRow (http://localhost:3000/_next/static/chunks/0uew_next_dist_compiled_react-server-dom-turbopack_0q_-9lz._.js:2393:9)
    at processBinaryChunk (http://localhost:3000/_next/static/chunks/0uew_next_dist_compiled_react-server-dom-turbopack_0q_-9lz._.js:2502:221)
    at progress (http://localhost:3000/_next/static/chunks/0uew_next_dist_compiled_react-server-dom-turbopack_0q_-9lz._.js:2676:20) @ http://localhost:3000/_next/static/chunks/0uew_next_dist_0butn37._.js:3272
[ 1243511ms] [ERROR] %c%s%c background: #e6e6e6;background: light-dark(rgba(0,0,0,0.1), rgba(255,255,255,0.25));color: #000000;color: light-dark(#000000, #ffffff);border-radius: 2px  Server   Error: MISSING_MESSAGE: Could not resolve `nav.reports` in messages for locale `en`.
    at DashboardLayout (about://React/Server/D:%5CPainless-CRM%5Cpainless-crm%5C.next%5Cdev%5Cserver%5Cchunks%5Cssr%5Csrc_0iqh~rd._.js?136:479:55)
    at resolveErrorDev (http://localhost:3000/_next/static/chunks/0uew_next_dist_compiled_react-server-dom-turbopack_0q_-9lz._.js:1919:105)
    at getOutlinedModel (http://localhost:3000/_next/static/chunks/0uew_next_dist_compiled_react-server-dom-turbopack_0q_-9lz._.js:1469:28)
    at parseModelString (http://localhost:3000/_next/static/chunks/0uew_next_dist_compiled_react-server-dom-turbopack_0q_-9lz._.js:1584:50)
    at reviveModel (http://localhost:3000/_next/static/chunks/0uew_next_dist_compiled_react-server-dom-turbopack_0q_-9lz._.js:2522:66)
    at parseModel (http://localhost:3000/_next/static/chunks/0uew_next_dist_compiled_react-server-dom-turbopack_0q_-9lz._.js:2517:16)
    at initializeModelChunk (http://localhost:3000/_next/static/chunks/0uew_next_dist_compiled_react-server-dom-turbopack_0q_-9lz._.js:1084:25)
    at getOutlinedModel (http://localhost:3000/_next/static/chunks/0uew_next_dist_compiled_react-server-dom-turbopack_0q_-9lz._.js:1407:17)
    at parseModelString (http://localhost:3000/_next/static/chunks/0uew_next_dist_compiled_react-server-dom-turbopack_0q_-9lz._.js:1639:50)
    at reviveModel (http://localhost:3000/_next/static/chunks/0uew_next_dist_compiled_react-server-dom-turbopack_0q_-9lz._.js:2522:66)
    at reviveModel (http://localhost:3000/_next/static/chunks/0uew_next_dist_compiled_react-server-dom-turbopack_0q_-9lz._.js:2525:61)
    at parseModel (http://localhost:3000/_next/static/chunks/0uew_next_dist_compiled_react-server-dom-turbopack_0q_-9lz._.js:2517:16)
    at initializeModelChunk (http://localhost:3000/_next/static/chunks/0uew_next_dist_compiled_react-server-dom-turbopack_0q_-9lz._.js:1084:25)
    at resolveConsoleEntry (http://localhost:3000/_next/static/chunks/0uew_next_dist_compiled_react-server-dom-turbopack_0q_-9lz._.js:2047:96)
    at processFullStringRow (http://localhost:3000/_next/static/chunks/0uew_next_dist_compiled_react-server-dom-turbopack_0q_-9lz._.js:2453:17)
    at processFullBinaryRow (http://localhost:3000/_next/static/chunks/0uew_next_dist_compiled_react-server-dom-turbopack_0q_-9lz._.js:2393:9)
    at processBinaryChunk (http://localhost:3000/_next/static/chunks/0uew_next_dist_compiled_react-server-dom-turbopack_0q_-9lz._.js:2502:221)
    at progress (http://localhost:3000/_next/static/chunks/0uew_next_dist_compiled_react-server-dom-turbopack_0q_-9lz._.js:2676:20) @ http://localhost:3000/_next/static/chunks/0uew_next_dist_0butn37._.js:3272
[ 1251417ms] [LOG] [Fast Refresh] rebuilding @ http://localhost:3000/_next/static/chunks/0uew_next_dist_0butn37._.js:2431
[ 1251741ms] [LOG] [Fast Refresh] done in 38ms @ http://localhost:3000/_next/static/chunks/0uew_next_dist_0butn37._.js:2431
[ 1251852ms] [LOG] [Fast Refresh] rebuilding @ http://localhost:3000/_next/static/chunks/0uew_next_dist_0butn37._.js:2431
[ 1251872ms] [LOG] [Fast Refresh] done in 126ms @ http://localhost:3000/_next/static/chunks/0uew_next_dist_0butn37._.js:2431
[ 1252000ms] [LOG] [Fast Refresh] rebuilding @ http://localhost:3000/_next/static/chunks/0uew_next_dist_0butn37._.js:2431
[ 1252059ms] [LOG] [Fast Refresh] done in 171ms @ http://localhost:3000/_next/static/chunks/0uew_next_dist_0butn37._.js:2431
